2020-04-21 12:55:25.282  INFO 728 --- [main] c.z.v.s.ParentActivationApplication      : Starting ParentActivationApplication on UTMSDEV0545 with PID 728 (C:\git\zions-service-framework\zions-vsts-parent-activation-microservice\bin\main started by z070187 in C:\git\zions-service-framework\zions-vsts-parent-activation-microservice)
2020-04-21 12:55:25.313 DEBUG 728 --- [main] c.z.v.s.ParentActivationApplication      : Running with Spring Boot v2.0.0.RELEASE, Spring v5.0.4.RELEASE
2020-04-21 12:55:25.329  INFO 728 --- [main] c.z.v.s.ParentActivationApplication      : The following profiles are active: spock
2020-04-21 12:55:37.689  INFO 728 --- [main] o.apache.catalina.core.StandardService   : Starting service [Tomcat]
2020-04-21 12:55:37.703  INFO 728 --- [main] org.apache.catalina.core.StandardEngine  : Starting Servlet Engine: Apache Tomcat/8.5.28
2020-04-21 12:55:37.721  INFO 728 --- [localhost-startStop-1] o.a.catalina.core.AprLifecycleListener   : The APR based Apache Tomcat Native library which allows optimal performance in production environments was not found on the java.library.path: [C:\Program Files\Java\jre1.8.0_171\bin;C:\Windows\Sun\Java\bin;C:\Windows\system32;C:\Windows;C:/Program Files/Java/jre1.8.0_171/bin/server;C:/Program Files/Java/jre1.8.0_171/bin;C:/Program Files/Java/jre1.8.0_171/lib/amd64;C:\Program Files (x86)\Microsoft SDKs\Azure\CLI2\wbin;C:\Program Files (x86)\Common Files\Oracle\Java\javapath;C:\Windows\system32;C:\Windows;C:\Windows\System32\Wbem;C:\Windows\System32\WindowsPowerShell\v1.0\;C:\Program Files\Microsoft\Web Platform Installer\;C:\Progra~1\Java\jdk1.8.0_171\bin;%GROOVY_HOME%\bin;C:\Gradle\gradle-5.2\bin;C:\Program Files\Git\cmd;C:\Program Files\Git\mingw64\bin;C:\Program Files\Git\usr\bin;C:\Program Files\dotnet\;C:\Program Files\Microsoft SQL Server\130\Tools\Binn\;C:\Program Files\nodejs\;C:\Program Files\EmEditor;C:\Program Files\Microsoft SQL Server\Client SDK\ODBC\170\Tools\Binn\;C:\Users\z070187\AppData\Local\Microsoft\WindowsApps;;C:\Users\z070187\AppData\Local\Programs\Microsoft VS Code\bin;C:\Users\z070187\AppData\Roaming\npm;C:\Program Files\eclipse;;.]
2020-04-21 12:55:38.314  INFO 728 --- [localhost-startStop-1] o.a.c.c.C.[Tomcat].[localhost].[/]       : Initializing Spring embedded WebApplicationContext
2020-04-21 12:55:41.151  INFO 728 --- [WebSocketClient-AsyncIO-1] .z.v.s.w.c.AbstractWebSocketMicroService : New session established : 08930c1a-8e5c-c3ac-49c3-77d241eb709a
2020-04-21 12:55:45.230  INFO 728 --- [main] c.z.v.s.ParentActivationApplication      : Started ParentActivationApplication in 23.083 seconds (JVM running for 32.46)
2020-04-21 12:56:06.659  INFO 728 --- [WebSocketClient-AsyncIO-1] c.z.v.s.ParentActivationMicroService     : Entering ParentActivationMicroService:: processADOData
2020-04-21 12:57:16.467  INFO 6148 --- [main] c.z.v.s.ParentActivationApplication      : Starting ParentActivationApplication on UTMSDEV0545 with PID 6148 (C:\git\zions-service-framework\zions-vsts-parent-activation-microservice\bin\main started by z070187 in C:\git\zions-service-framework\zions-vsts-parent-activation-microservice)
2020-04-21 12:57:16.483 DEBUG 6148 --- [main] c.z.v.s.ParentActivationApplication      : Running with Spring Boot v2.0.0.RELEASE, Spring v5.0.4.RELEASE
2020-04-21 12:57:16.483  INFO 6148 --- [main] c.z.v.s.ParentActivationApplication      : The following profiles are active: spock
2020-04-21 12:57:22.373  INFO 6148 --- [main] o.apache.catalina.core.StandardService   : Starting service [Tomcat]
2020-04-21 12:57:22.373  INFO 6148 --- [main] org.apache.catalina.core.StandardEngine  : Starting Servlet Engine: Apache Tomcat/8.5.28
2020-04-21 12:57:22.395  INFO 6148 --- [localhost-startStop-1] o.a.catalina.core.AprLifecycleListener   : The APR based Apache Tomcat Native library which allows optimal performance in production environments was not found on the java.library.path: [C:\Program Files\Java\jre1.8.0_171\bin;C:\Windows\Sun\Java\bin;C:\Windows\system32;C:\Windows;C:/Program Files/Java/jre1.8.0_171/bin/server;C:/Program Files/Java/jre1.8.0_171/bin;C:/Program Files/Java/jre1.8.0_171/lib/amd64;C:\Program Files (x86)\Microsoft SDKs\Azure\CLI2\wbin;C:\Program Files (x86)\Common Files\Oracle\Java\javapath;C:\Windows\system32;C:\Windows;C:\Windows\System32\Wbem;C:\Windows\System32\WindowsPowerShell\v1.0\;C:\Program Files\Microsoft\Web Platform Installer\;C:\Progra~1\Java\jdk1.8.0_171\bin;%GROOVY_HOME%\bin;C:\Gradle\gradle-5.2\bin;C:\Program Files\Git\cmd;C:\Program Files\Git\mingw64\bin;C:\Program Files\Git\usr\bin;C:\Program Files\dotnet\;C:\Program Files\Microsoft SQL Server\130\Tools\Binn\;C:\Program Files\nodejs\;C:\Program Files\EmEditor;C:\Program Files\Microsoft SQL Server\Client SDK\ODBC\170\Tools\Binn\;C:\Users\z070187\AppData\Local\Microsoft\WindowsApps;;C:\Users\z070187\AppData\Local\Programs\Microsoft VS Code\bin;C:\Users\z070187\AppData\Roaming\npm;C:\Program Files\eclipse;;.]
2020-04-21 12:57:22.817  INFO 6148 --- [localhost-startStop-1] o.a.c.c.C.[Tomcat].[localhost].[/]       : Initializing Spring embedded WebApplicationContext
2020-04-21 12:57:24.879  INFO 6148 --- [WebSocketClient-AsyncIO-1] .z.v.s.w.c.AbstractWebSocketMicroService : New session established : bd300557-34f3-5851-7e98-027b7275d009
2020-04-21 12:57:28.274  INFO 6148 --- [main] c.z.v.s.ParentActivationApplication      : Started ParentActivationApplication in 13.642 seconds (JVM running for 16.763)
2020-04-21 12:58:39.746  INFO 6148 --- [WebSocketClient-AsyncIO-1] c.z.v.s.ParentActivationMicroService     : Entering ParentActivationMicroService:: processADOData
2020-04-21 12:59:07.522  INFO 6148 --- [WebSocketClient-AsyncIO-1] c.z.v.s.ParentActivationMicroService     : Entering ParentActivationMicroService:: processADOData
2020-04-21 13:03:25.652  INFO 9068 --- [main] c.z.v.s.ParentActivationApplication      : Starting ParentActivationApplication on UTMSDEV0545 with PID 9068 (C:\git\zions-service-framework\zions-vsts-parent-activation-microservice\bin\main started by z070187 in C:\git\zions-service-framework\zions-vsts-parent-activation-microservice)
2020-04-21 13:03:25.667 DEBUG 9068 --- [main] c.z.v.s.ParentActivationApplication      : Running with Spring Boot v2.0.0.RELEASE, Spring v5.0.4.RELEASE
2020-04-21 13:03:25.667  INFO 9068 --- [main] c.z.v.s.ParentActivationApplication      : The following profiles are active: spock
2020-04-21 13:03:31.386  INFO 9068 --- [main] o.apache.catalina.core.StandardService   : Starting service [Tomcat]
2020-04-21 13:03:31.391  INFO 9068 --- [main] org.apache.catalina.core.StandardEngine  : Starting Servlet Engine: Apache Tomcat/8.5.28
2020-04-21 13:03:31.408  INFO 9068 --- [localhost-startStop-1] o.a.catalina.core.AprLifecycleListener   : The APR based Apache Tomcat Native library which allows optimal performance in production environments was not found on the java.library.path: [C:\Program Files\Java\jre1.8.0_171\bin;C:\Windows\Sun\Java\bin;C:\Windows\system32;C:\Windows;C:/Program Files/Java/jre1.8.0_171/bin/server;C:/Program Files/Java/jre1.8.0_171/bin;C:/Program Files/Java/jre1.8.0_171/lib/amd64;C:\Program Files (x86)\Microsoft SDKs\Azure\CLI2\wbin;C:\Program Files (x86)\Common Files\Oracle\Java\javapath;C:\Windows\system32;C:\Windows;C:\Windows\System32\Wbem;C:\Windows\System32\WindowsPowerShell\v1.0\;C:\Program Files\Microsoft\Web Platform Installer\;C:\Progra~1\Java\jdk1.8.0_171\bin;%GROOVY_HOME%\bin;C:\Gradle\gradle-5.2\bin;C:\Program Files\Git\cmd;C:\Program Files\Git\mingw64\bin;C:\Program Files\Git\usr\bin;C:\Program Files\dotnet\;C:\Program Files\Microsoft SQL Server\130\Tools\Binn\;C:\Program Files\nodejs\;C:\Program Files\EmEditor;C:\Program Files\Microsoft SQL Server\Client SDK\ODBC\170\Tools\Binn\;C:\Users\z070187\AppData\Local\Microsoft\WindowsApps;;C:\Users\z070187\AppData\Local\Programs\Microsoft VS Code\bin;C:\Users\z070187\AppData\Roaming\npm;C:\Program Files\eclipse;;.]
2020-04-21 13:03:31.768  INFO 9068 --- [localhost-startStop-1] o.a.c.c.C.[Tomcat].[localhost].[/]       : Initializing Spring embedded WebApplicationContext
2020-04-21 13:03:33.908  INFO 9068 --- [WebSocketClient-AsyncIO-1] .z.v.s.w.c.AbstractWebSocketMicroService : New session established : 134819ad-e1fd-ce95-1509-0ac8d7fc28e0
2020-04-21 13:03:37.155  INFO 9068 --- [main] c.z.v.s.ParentActivationApplication      : Started ParentActivationApplication in 13.124 seconds (JVM running for 16.077)
2020-04-21 13:04:51.846  INFO 9068 --- [WebSocketClient-AsyncIO-1] c.z.v.s.ParentActivationMicroService     : Entering ParentActivationMicroService:: processADOData
2020-04-21 13:07:04.349 ERROR 9068 --- [WebSocketClient-AsyncIO-1] c.z.c.services.rest.AGenericRestClient   : GenericRestClient::patch -- Warning. Status: HTTP/1.1 412 Precondition Failed
2020-04-21 13:07:04.422 ERROR 9068 --- [WebSocketClient-AsyncIO-1] c.z.c.services.rest.AGenericRestClient   : Input data: {
    "contentType": "application/json",
    "requestContentType": "application/json",
    "uri": "https://dev.azure.com/eto-dev/ALMOpsTest/_apis/wit/workitems/947642",
    "body": [
        {
            "op": "test",
            "path": "/rev",
            "value": 2
        },
        {
            "op": "add",
            "path": "/fields/System.State",
            "value": "Active"
        }
    ],
    "query": {
        "api-version": "5.0",
        "bypassRules": true
    },
    "headers": {
        "Content-Type": "application/json-patch+json"
    }
}
2020-04-21 13:11:16.875  INFO 7336 --- [main] c.z.v.s.ParentActivationApplication      : Starting ParentActivationApplication on UTMSDEV0545 with PID 7336 (C:\git\zions-service-framework\zions-vsts-parent-activation-microservice\bin\main started by z070187 in C:\git\zions-service-framework\zions-vsts-parent-activation-microservice)
2020-04-21 13:11:16.891 DEBUG 7336 --- [main] c.z.v.s.ParentActivationApplication      : Running with Spring Boot v2.0.0.RELEASE, Spring v5.0.4.RELEASE
2020-04-21 13:11:16.891  INFO 7336 --- [main] c.z.v.s.ParentActivationApplication      : The following profiles are active: spock
2020-04-21 13:11:23.126  INFO 7336 --- [main] o.apache.catalina.core.StandardService   : Starting service [Tomcat]
2020-04-21 13:11:23.138  INFO 7336 --- [main] org.apache.catalina.core.StandardEngine  : Starting Servlet Engine: Apache Tomcat/8.5.28
2020-04-21 13:11:23.160  INFO 7336 --- [localhost-startStop-1] o.a.catalina.core.AprLifecycleListener   : The APR based Apache Tomcat Native library which allows optimal performance in production environments was not found on the java.library.path: [C:\Program Files\Java\jre1.8.0_171\bin;C:\Windows\Sun\Java\bin;C:\Windows\system32;C:\Windows;C:/Program Files/Java/jre1.8.0_171/bin/server;C:/Program Files/Java/jre1.8.0_171/bin;C:/Program Files/Java/jre1.8.0_171/lib/amd64;C:\Program Files (x86)\Microsoft SDKs\Azure\CLI2\wbin;C:\Program Files (x86)\Common Files\Oracle\Java\javapath;C:\Windows\system32;C:\Windows;C:\Windows\System32\Wbem;C:\Windows\System32\WindowsPowerShell\v1.0\;C:\Program Files\Microsoft\Web Platform Installer\;C:\Progra~1\Java\jdk1.8.0_171\bin;%GROOVY_HOME%\bin;C:\Gradle\gradle-5.2\bin;C:\Program Files\Git\cmd;C:\Program Files\Git\mingw64\bin;C:\Program Files\Git\usr\bin;C:\Program Files\dotnet\;C:\Program Files\Microsoft SQL Server\130\Tools\Binn\;C:\Program Files\nodejs\;C:\Program Files\EmEditor;C:\Program Files\Microsoft SQL Server\Client SDK\ODBC\170\Tools\Binn\;C:\Users\z070187\AppData\Local\Microsoft\WindowsApps;;C:\Users\z070187\AppData\Local\Programs\Microsoft VS Code\bin;C:\Users\z070187\AppData\Roaming\npm;C:\Program Files\eclipse;;.]
2020-04-21 13:11:23.535  INFO 7336 --- [localhost-startStop-1] o.a.c.c.C.[Tomcat].[localhost].[/]       : Initializing Spring embedded WebApplicationContext
2020-04-21 13:11:25.566  INFO 7336 --- [WebSocketClient-AsyncIO-1] .z.v.s.w.c.AbstractWebSocketMicroService : New session established : 373c487c-cd61-ffd8-7f6f-ee2824046aba
2020-04-21 13:11:29.079  INFO 7336 --- [main] c.z.v.s.ParentActivationApplication      : Started ParentActivationApplication in 14.104 seconds (JVM running for 16.971)
2020-04-21 13:11:51.287  INFO 7336 --- [WebSocketClient-AsyncIO-1] c.z.v.s.ParentActivationMicroService     : Entering ParentActivationMicroService:: processADOData
2020-04-21 13:36:28.081  INFO 852 --- [main] c.z.v.s.ParentActivationApplication      : Starting ParentActivationApplication on UTMSDEV0545 with PID 852 (C:\git\zions-service-framework\zions-vsts-parent-activation-microservice\bin\main started by z070187 in C:\git\zions-service-framework\zions-vsts-parent-activation-microservice)
2020-04-21 13:36:28.096 DEBUG 852 --- [main] c.z.v.s.ParentActivationApplication      : Running with Spring Boot v2.0.0.RELEASE, Spring v5.0.4.RELEASE
2020-04-21 13:36:28.096  INFO 852 --- [main] c.z.v.s.ParentActivationApplication      : The following profiles are active: spock
2020-04-21 13:36:33.577  INFO 852 --- [main] o.apache.catalina.core.StandardService   : Starting service [Tomcat]
2020-04-21 13:36:33.577  INFO 852 --- [main] org.apache.catalina.core.StandardEngine  : Starting Servlet Engine: Apache Tomcat/8.5.28
2020-04-21 13:36:33.605  INFO 852 --- [localhost-startStop-1] o.a.catalina.core.AprLifecycleListener   : The APR based Apache Tomcat Native library which allows optimal performance in production environments was not found on the java.library.path: [C:\Program Files\Java\jre1.8.0_171\bin;C:\Windows\Sun\Java\bin;C:\Windows\system32;C:\Windows;C:/Program Files/Java/jre1.8.0_171/bin/server;C:/Program Files/Java/jre1.8.0_171/bin;C:/Program Files/Java/jre1.8.0_171/lib/amd64;C:\Program Files (x86)\Microsoft SDKs\Azure\CLI2\wbin;C:\Program Files (x86)\Common Files\Oracle\Java\javapath;C:\Windows\system32;C:\Windows;C:\Windows\System32\Wbem;C:\Windows\System32\WindowsPowerShell\v1.0\;C:\Program Files\Microsoft\Web Platform Installer\;C:\Progra~1\Java\jdk1.8.0_171\bin;%GROOVY_HOME%\bin;C:\Gradle\gradle-5.2\bin;C:\Program Files\Git\cmd;C:\Program Files\Git\mingw64\bin;C:\Program Files\Git\usr\bin;C:\Program Files\dotnet\;C:\Program Files\Microsoft SQL Server\130\Tools\Binn\;C:\Program Files\nodejs\;C:\Program Files\EmEditor;C:\Program Files\Microsoft SQL Server\Client SDK\ODBC\170\Tools\Binn\;C:\Users\z070187\AppData\Local\Microsoft\WindowsApps;;C:\Users\z070187\AppData\Local\Programs\Microsoft VS Code\bin;C:\Users\z070187\AppData\Roaming\npm;C:\Program Files\eclipse;;.]
2020-04-21 13:36:33.964  INFO 852 --- [localhost-startStop-1] o.a.c.c.C.[Tomcat].[localhost].[/]       : Initializing Spring embedded WebApplicationContext
2020-04-21 13:36:36.105  INFO 852 --- [WebSocketClient-AsyncIO-1] .z.v.s.w.c.AbstractWebSocketMicroService : New session established : 209ad5c3-9dc3-35f7-fdc4-84ab8221d521
2020-04-21 13:36:39.403  INFO 852 --- [main] c.z.v.s.ParentActivationApplication      : Started ParentActivationApplication in 13.02 seconds (JVM running for 16.05)
2020-04-21 13:37:10.365  INFO 852 --- [WebSocketClient-AsyncIO-1] c.z.v.s.ParentActivationMicroService     : Entering ParentActivationMicroService:: processADOData
2020-04-21 13:38:01.125  INFO 852 --- [WebSocketClient-AsyncIO-1] c.z.v.s.ParentActivationMicroService     : Entering ParentActivationMicroService:: processADOData
2020-04-21 13:48:48.853  INFO 8304 --- [main] c.z.v.s.ParentActivationApplication      : Starting ParentActivationApplication on UTMSDEV0545 with PID 8304 (C:\git\zions-service-framework\zions-vsts-parent-activation-microservice\bin\main started by z070187 in C:\git\zions-service-framework\zions-vsts-parent-activation-microservice)
2020-04-21 13:48:48.868 DEBUG 8304 --- [main] c.z.v.s.ParentActivationApplication      : Running with Spring Boot v2.0.0.RELEASE, Spring v5.0.4.RELEASE
2020-04-21 13:48:48.884  INFO 8304 --- [main] c.z.v.s.ParentActivationApplication      : The following profiles are active: spock
2020-04-21 13:48:54.255  INFO 8304 --- [main] o.apache.catalina.core.StandardService   : Starting service [Tomcat]
2020-04-21 13:48:54.255  INFO 8304 --- [main] org.apache.catalina.core.StandardEngine  : Starting Servlet Engine: Apache Tomcat/8.5.28
2020-04-21 13:48:54.282  INFO 8304 --- [localhost-startStop-1] o.a.catalina.core.AprLifecycleListener   : The APR based Apache Tomcat Native library which allows optimal performance in production environments was not found on the java.library.path: [C:\Program Files\Java\jre1.8.0_171\bin;C:\Windows\Sun\Java\bin;C:\Windows\system32;C:\Windows;C:/Program Files/Java/jre1.8.0_171/bin/server;C:/Program Files/Java/jre1.8.0_171/bin;C:/Program Files/Java/jre1.8.0_171/lib/amd64;C:\Program Files (x86)\Microsoft SDKs\Azure\CLI2\wbin;C:\Program Files (x86)\Common Files\Oracle\Java\javapath;C:\Windows\system32;C:\Windows;C:\Windows\System32\Wbem;C:\Windows\System32\WindowsPowerShell\v1.0\;C:\Program Files\Microsoft\Web Platform Installer\;C:\Progra~1\Java\jdk1.8.0_171\bin;%GROOVY_HOME%\bin;C:\Gradle\gradle-5.2\bin;C:\Program Files\Git\cmd;C:\Program Files\Git\mingw64\bin;C:\Program Files\Git\usr\bin;C:\Program Files\dotnet\;C:\Program Files\Microsoft SQL Server\130\Tools\Binn\;C:\Program Files\nodejs\;C:\Program Files\EmEditor;C:\Program Files\Microsoft SQL Server\Client SDK\ODBC\170\Tools\Binn\;C:\Users\z070187\AppData\Local\Microsoft\WindowsApps;;C:\Users\z070187\AppData\Local\Programs\Microsoft VS Code\bin;C:\Users\z070187\AppData\Roaming\npm;C:\Program Files\eclipse;;.]
2020-04-21 13:48:54.657  INFO 8304 --- [localhost-startStop-1] o.a.c.c.C.[Tomcat].[localhost].[/]       : Initializing Spring embedded WebApplicationContext
2020-04-21 13:48:56.641  INFO 8304 --- [WebSocketClient-AsyncIO-1] .z.v.s.w.c.AbstractWebSocketMicroService : New session established : afb87843-125c-04fc-6a33-138a3b7ebc67
2020-04-21 13:48:59.950  INFO 8304 --- [main] c.z.v.s.ParentActivationApplication      : Started ParentActivationApplication in 12.6 seconds (JVM running for 15.352)
2020-04-21 13:49:34.775  INFO 8304 --- [WebSocketClient-AsyncIO-1] c.z.v.s.ParentActivationMicroService     : Entering ParentActivationMicroService:: processADOData
2020-04-21 13:53:48.254  INFO 8304 --- [WebSocketClient-AsyncIO-1] c.z.v.s.ParentActivationMicroService     : Entering ParentActivationMicroService:: processADOData
2020-04-21 14:42:53.225  INFO 5108 --- [main] c.z.v.s.ParentActivationApplication      : Starting ParentActivationApplication on UTMSDEV0545 with PID 5108 (C:\git\zions-service-framework\zions-vsts-parent-activation-microservice\bin\main started by z070187 in C:\git\zions-service-framework\zions-vsts-parent-activation-microservice)
2020-04-21 14:42:53.240 DEBUG 5108 --- [main] c.z.v.s.ParentActivationApplication      : Running with Spring Boot v2.0.0.RELEASE, Spring v5.0.4.RELEASE
2020-04-21 14:42:53.240  INFO 5108 --- [main] c.z.v.s.ParentActivationApplication      : The following profiles are active: spock
2020-04-21 14:43:02.982  INFO 5108 --- [main] o.apache.catalina.core.StandardService   : Starting service [Tomcat]
2020-04-21 14:43:02.982  INFO 5108 --- [main] org.apache.catalina.core.StandardEngine  : Starting Servlet Engine: Apache Tomcat/8.5.28
2020-04-21 14:43:03.013  INFO 5108 --- [localhost-startStop-1] o.a.catalina.core.AprLifecycleListener   : The APR based Apache Tomcat Native library which allows optimal performance in production environments was not found on the java.library.path: [C:\Program Files\Java\jre1.8.0_171\bin;C:\Windows\Sun\Java\bin;C:\Windows\system32;C:\Windows;C:/Program Files/Java/jre1.8.0_171/bin/server;C:/Program Files/Java/jre1.8.0_171/bin;C:/Program Files/Java/jre1.8.0_171/lib/amd64;C:\Program Files (x86)\Microsoft SDKs\Azure\CLI2\wbin;C:\Program Files (x86)\Common Files\Oracle\Java\javapath;C:\Windows\system32;C:\Windows;C:\Windows\System32\Wbem;C:\Windows\System32\WindowsPowerShell\v1.0\;C:\Program Files\Microsoft\Web Platform Installer\;C:\Progra~1\Java\jdk1.8.0_171\bin;%GROOVY_HOME%\bin;C:\Gradle\gradle-5.2\bin;C:\Program Files\Git\cmd;C:\Program Files\Git\mingw64\bin;C:\Program Files\Git\usr\bin;C:\Program Files\dotnet\;C:\Program Files\Microsoft SQL Server\130\Tools\Binn\;C:\Program Files\nodejs\;C:\Program Files\EmEditor;C:\Program Files\Microsoft SQL Server\Client SDK\ODBC\170\Tools\Binn\;C:\Users\z070187\AppData\Local\Microsoft\WindowsApps;;C:\Users\z070187\AppData\Local\Programs\Microsoft VS Code\bin;C:\Users\z070187\AppData\Roaming\npm;C:\Program Files\eclipse;;.]
2020-04-21 14:43:03.435  INFO 5108 --- [localhost-startStop-1] o.a.c.c.C.[Tomcat].[localhost].[/]       : Initializing Spring embedded WebApplicationContext
2020-04-21 14:43:05.607  INFO 5108 --- [WebSocketClient-AsyncIO-1] .z.v.s.w.c.AbstractWebSocketMicroService : New session established : 98bfa0b0-738d-39c2-6c05-cc748302f301
2020-04-21 14:43:09.710  INFO 5108 --- [main] c.z.v.s.ParentActivationApplication      : Started ParentActivationApplication in 18.621 seconds (JVM running for 24.54)
2020-04-21 14:44:13.793  INFO 5108 --- [WebSocketClient-AsyncIO-1] c.z.v.s.ParentActivationMicroService     : Entering ParentActivationMicroService:: processADOData
2020-04-21 14:55:11.043  INFO 3120 --- [main] c.z.v.s.ParentActivationApplication      : Starting ParentActivationApplication on UTMSDEV0545 with PID 3120 (C:\git\zions-service-framework\zions-vsts-parent-activation-microservice\bin\main started by z070187 in C:\git\zions-service-framework\zions-vsts-parent-activation-microservice)
2020-04-21 14:55:11.059 DEBUG 3120 --- [main] c.z.v.s.ParentActivationApplication      : Running with Spring Boot v2.0.0.RELEASE, Spring v5.0.4.RELEASE
2020-04-21 14:55:11.059  INFO 3120 --- [main] c.z.v.s.ParentActivationApplication      : The following profiles are active: spock
2020-04-21 14:55:18.330  INFO 3120 --- [main] o.apache.catalina.core.StandardService   : Starting service [Tomcat]
2020-04-21 14:55:18.346  INFO 3120 --- [main] org.apache.catalina.core.StandardEngine  : Starting Servlet Engine: Apache Tomcat/8.5.28
2020-04-21 14:55:18.385  INFO 3120 --- [localhost-startStop-1] o.a.catalina.core.AprLifecycleListener   : The APR based Apache Tomcat Native library which allows optimal performance in production environments was not found on the java.library.path: [C:\Program Files\Java\jre1.8.0_171\bin;C:\Windows\Sun\Java\bin;C:\Windows\system32;C:\Windows;C:/Program Files/Java/jre1.8.0_171/bin/server;C:/Program Files/Java/jre1.8.0_171/bin;C:/Program Files/Java/jre1.8.0_171/lib/amd64;C:\Program Files (x86)\Microsoft SDKs\Azure\CLI2\wbin;C:\Program Files (x86)\Common Files\Oracle\Java\javapath;C:\Windows\system32;C:\Windows;C:\Windows\System32\Wbem;C:\Windows\System32\WindowsPowerShell\v1.0\;C:\Program Files\Microsoft\Web Platform Installer\;C:\Progra~1\Java\jdk1.8.0_171\bin;%GROOVY_HOME%\bin;C:\Gradle\gradle-5.2\bin;C:\Program Files\Git\cmd;C:\Program Files\Git\mingw64\bin;C:\Program Files\Git\usr\bin;C:\Program Files\dotnet\;C:\Program Files\Microsoft SQL Server\130\Tools\Binn\;C:\Program Files\nodejs\;C:\Program Files\EmEditor;C:\Program Files\Microsoft SQL Server\Client SDK\ODBC\170\Tools\Binn\;C:\Users\z070187\AppData\Local\Microsoft\WindowsApps;;C:\Users\z070187\AppData\Local\Programs\Microsoft VS Code\bin;C:\Users\z070187\AppData\Roaming\npm;C:\Program Files\eclipse;;.]
2020-04-21 14:55:19.089  INFO 3120 --- [localhost-startStop-1] o.a.c.c.C.[Tomcat].[localhost].[/]       : Initializing Spring embedded WebApplicationContext
2020-04-21 14:55:22.459  INFO 3120 --- [WebSocketClient-AsyncIO-1] .z.v.s.w.c.AbstractWebSocketMicroService : New session established : 1ea203c1-95f1-d4ee-e423-0cd1a529fdfa
2020-04-21 14:55:26.760  INFO 3120 --- [main] c.z.v.s.ParentActivationApplication      : Started ParentActivationApplication in 17.164 seconds (JVM running for 20.111)
2020-04-21 14:55:51.187  INFO 3120 --- [WebSocketClient-AsyncIO-1] c.z.v.s.ParentActivationMicroService     : Entering ParentActivationMicroService:: processADOData
2020-04-21 14:57:14.462 ERROR 3120 --- [WebSocketClient-AsyncIO-1] .z.v.s.w.c.AbstractWebSocketMicroService : WS Exception

groovy.lang.MissingMethodException: No signature of method: com.zions.vsts.services.ParentActivationMicroService.performParentActivation() is applicable for argument types: (java.lang.String, java.lang.Integer, java.lang.String) values: [ALMOpsTest, 3, 947642]
	at org.codehaus.groovy.runtime.ScriptBytecodeAdapter.unwrap(ScriptBytecodeAdapter.java:58) ~[groovy-all-2.4.13.jar:2.4.13]
	at org.codehaus.groovy.runtime.callsite.PogoMetaClassSite.callCurrent(PogoMetaClassSite.java:81) ~[groovy-all-2.4.13.jar:2.4.13]
	at org.codehaus.groovy.runtime.callsite.CallSiteArray.defaultCallCurrent(CallSiteArray.java:52) ~[groovy-all-2.4.13.jar:2.4.13]
	at org.codehaus.groovy.runtime.callsite.AbstractCallSite.callCurrent(AbstractCallSite.java:154) ~[groovy-all-2.4.13.jar:2.4.13]
	at org.codehaus.groovy.runtime.callsite.AbstractCallSite.callCurrent(AbstractCallSite.java:182) ~[groovy-all-2.4.13.jar:2.4.13]
	at com.zions.vsts.services.ParentActivationMicroService.processADOData(ParentActivationMicroService.groovy:76) ~[main/:na]
	at com.zions.vsts.services.ParentActivationMicroService$processADOData.callCurrent(Unknown Source) ~[na:na]
	at org.codehaus.groovy.runtime.callsite.CallSiteArray.defaultCallCurrent(CallSiteArray.java:52) ~[groovy-all-2.4.13.jar:2.4.13]
	at org.codehaus.groovy.runtime.callsite.AbstractCallSite.callCurrent(AbstractCallSite.java:154) ~[groovy-all-2.4.13.jar:2.4.13]
	at org.codehaus.groovy.runtime.callsite.AbstractCallSite.callCurrent(AbstractCallSite.java:166) ~[groovy-all-2.4.13.jar:2.4.13]
	at com.zions.vsts.services.ws.client.AbstractWebSocketMicroService.handleFrame(AbstractWebSocketMicroService.groovy:186) ~[main/:na]
	at org.springframework.messaging.simp.stomp.DefaultStompSession.invokeHandler(DefaultStompSession.java:462) ~[spring-messaging-5.0.4.RELEASE.jar:5.0.4.RELEASE]
	at org.springframework.messaging.simp.stomp.DefaultStompSession.handleMessage(DefaultStompSession.java:409) ~[spring-messaging-5.0.4.RELEASE.jar:5.0.4.RELEASE]
	at org.springframework.web.socket.messaging.WebSocketStompClient$WebSocketTcpConnectionHandlerAdapter.handleMessage(WebSocketStompClient.java:344) [spring-websocket-5.0.4.RELEASE.jar:5.0.4.RELEASE]
	at org.springframework.web.socket.sockjs.client.AbstractClientSockJsSession.handleMessageFrame(AbstractClientSockJsSession.java:294) [spring-websocket-5.0.4.RELEASE.jar:5.0.4.RELEASE]
	at org.springframework.web.socket.sockjs.client.AbstractClientSockJsSession.handleFrame(AbstractClientSockJsSession.java:230) [spring-websocket-5.0.4.RELEASE.jar:5.0.4.RELEASE]
	at org.springframework.web.socket.sockjs.client.WebSocketTransport$ClientSockJsWebSocketHandler.handleTextMessage(WebSocketTransport.java:163) [spring-websocket-5.0.4.RELEASE.jar:5.0.4.RELEASE]
	at org.springframework.web.socket.handler.AbstractWebSocketHandler.handleMessage(AbstractWebSocketHandler.java:43) [spring-websocket-5.0.4.RELEASE.jar:5.0.4.RELEASE]
	at org.springframework.web.socket.adapter.standard.StandardWebSocketHandlerAdapter.handleTextMessage(StandardWebSocketHandlerAdapter.java:113) [spring-websocket-5.0.4.RELEASE.jar:5.0.4.RELEASE]
	at org.springframework.web.socket.adapter.standard.StandardWebSocketHandlerAdapter.access$000(StandardWebSocketHandlerAdapter.java:42) [spring-websocket-5.0.4.RELEASE.jar:5.0.4.RELEASE]
	at org.springframework.web.socket.adapter.standard.StandardWebSocketHandlerAdapter$3.onMessage(StandardWebSocketHandlerAdapter.java:84) [spring-websocket-5.0.4.RELEASE.jar:5.0.4.RELEASE]
	at org.springframework.web.socket.adapter.standard.StandardWebSocketHandlerAdapter$3.onMessage(StandardWebSocketHandlerAdapter.java:81) [spring-websocket-5.0.4.RELEASE.jar:5.0.4.RELEASE]
	at org.apache.tomcat.websocket.WsFrameBase.sendMessageText(WsFrameBase.java:395) [tomcat-embed-websocket-8.5.28.jar:8.5.28]
	at org.apache.tomcat.websocket.WsFrameBase.processDataText(WsFrameBase.java:495) [tomcat-embed-websocket-8.5.28.jar:8.5.28]
	at org.apache.tomcat.websocket.WsFrameBase.processData(WsFrameBase.java:294) [tomcat-embed-websocket-8.5.28.jar:8.5.28]
	at org.apache.tomcat.websocket.WsFrameBase.processInputBuffer(WsFrameBase.java:133) [tomcat-embed-websocket-8.5.28.jar:8.5.28]
	at org.apache.tomcat.websocket.WsFrameClient.processSocketRead(WsFrameClient.java:95) [tomcat-embed-websocket-8.5.28.jar:8.5.28]
	at org.apache.tomcat.websocket.WsFrameClient.resumeProcessing(WsFrameClient.java:209) [tomcat-embed-websocket-8.5.28.jar:8.5.28]
	at org.apache.tomcat.websocket.WsFrameClient.access$300(WsFrameClient.java:31) [tomcat-embed-websocket-8.5.28.jar:8.5.28]
	at org.apache.tomcat.websocket.WsFrameClient$WsFrameClientCompletionHandler.doResumeProcessing(WsFrameClient.java:186) [tomcat-embed-websocket-8.5.28.jar:8.5.28]
	at org.apache.tomcat.websocket.WsFrameClient$WsFrameClientCompletionHandler.completed(WsFrameClient.java:163) [tomcat-embed-websocket-8.5.28.jar:8.5.28]
	at org.apache.tomcat.websocket.WsFrameClient$WsFrameClientCompletionHandler.completed(WsFrameClient.java:148) [tomcat-embed-websocket-8.5.28.jar:8.5.28]
	at sun.nio.ch.Invoker.invokeUnchecked(Unknown Source) [na:1.8.0_171]
	at sun.nio.ch.Invoker$2.run(Unknown Source) [na:1.8.0_171]
	at sun.nio.ch.AsynchronousChannelGroupImpl$1.run(Unknown Source) [na:1.8.0_171]
	at java.util.concurrent.ThreadPoolExecutor.runWorker(Unknown Source) [na:1.8.0_171]
	at java.util.concurrent.ThreadPoolExecutor$Worker.run(Unknown Source) [na:1.8.0_171]
	at java.lang.Thread.run(Unknown Source) [na:1.8.0_171]

2020-04-21 15:04:21.653  INFO 7900 --- [main] c.z.v.s.ParentActivationApplication      : Starting ParentActivationApplication on UTMSDEV0545 with PID 7900 (C:\git\zions-service-framework\zions-vsts-parent-activation-microservice\bin\main started by z070187 in C:\git\zions-service-framework\zions-vsts-parent-activation-microservice)
2020-04-21 15:04:21.668 DEBUG 7900 --- [main] c.z.v.s.ParentActivationApplication      : Running with Spring Boot v2.0.0.RELEASE, Spring v5.0.4.RELEASE
2020-04-21 15:04:21.684  INFO 7900 --- [main] c.z.v.s.ParentActivationApplication      : The following profiles are active: spock
2020-04-21 15:04:27.528  INFO 7900 --- [main] o.apache.catalina.core.StandardService   : Starting service [Tomcat]
2020-04-21 15:04:27.528  INFO 7900 --- [main] org.apache.catalina.core.StandardEngine  : Starting Servlet Engine: Apache Tomcat/8.5.28
2020-04-21 15:04:27.544  INFO 7900 --- [localhost-startStop-1] o.a.catalina.core.AprLifecycleListener   : The APR based Apache Tomcat Native library which allows optimal performance in production environments was not found on the java.library.path: [C:\Program Files\Java\jre1.8.0_171\bin;C:\Windows\Sun\Java\bin;C:\Windows\system32;C:\Windows;C:/Program Files/Java/jre1.8.0_171/bin/server;C:/Program Files/Java/jre1.8.0_171/bin;C:/Program Files/Java/jre1.8.0_171/lib/amd64;C:\Program Files (x86)\Microsoft SDKs\Azure\CLI2\wbin;C:\Program Files (x86)\Common Files\Oracle\Java\javapath;C:\Windows\system32;C:\Windows;C:\Windows\System32\Wbem;C:\Windows\System32\WindowsPowerShell\v1.0\;C:\Program Files\Microsoft\Web Platform Installer\;C:\Progra~1\Java\jdk1.8.0_171\bin;%GROOVY_HOME%\bin;C:\Gradle\gradle-5.2\bin;C:\Program Files\Git\cmd;C:\Program Files\Git\mingw64\bin;C:\Program Files\Git\usr\bin;C:\Program Files\dotnet\;C:\Program Files\Microsoft SQL Server\130\Tools\Binn\;C:\Program Files\nodejs\;C:\Program Files\EmEditor;C:\Program Files\Microsoft SQL Server\Client SDK\ODBC\170\Tools\Binn\;C:\Users\z070187\AppData\Local\Microsoft\WindowsApps;;C:\Users\z070187\AppData\Local\Programs\Microsoft VS Code\bin;C:\Users\z070187\AppData\Roaming\npm;C:\Program Files\eclipse;;.]
2020-04-21 15:04:27.904  INFO 7900 --- [localhost-startStop-1] o.a.c.c.C.[Tomcat].[localhost].[/]       : Initializing Spring embedded WebApplicationContext
2020-04-21 15:04:29.997  INFO 7900 --- [WebSocketClient-AsyncIO-1] .z.v.s.w.c.AbstractWebSocketMicroService : New session established : bf76e321-b62f-a531-ad76-eeeea4f5f34d
2020-04-21 15:04:33.404  INFO 7900 --- [main] c.z.v.s.ParentActivationApplication      : Started ParentActivationApplication in 13.538 seconds (JVM running for 16.535)
2020-04-21 15:04:57.807  INFO 7900 --- [WebSocketClient-AsyncIO-1] c.z.v.s.ParentActivationMicroService     : Entering ParentActivationMicroService:: processADOData
2020-04-21 15:09:46.932  INFO 7900 --- [WebSocketClient-AsyncIO-1] c.z.v.s.ParentActivationMicroService     : Entering ParentActivationMicroService:: processADOData
2020-04-21 15:33:56.420  INFO 7900 --- [WebSocketClient-AsyncIO-1] c.z.v.s.ParentActivationMicroService     : Entering ParentActivationMicroService:: processADOData
2020-04-21 15:37:26.660  INFO 7900 --- [WebSocketClient-AsyncIO-1] c.z.v.s.ParentActivationMicroService     : Entering ParentActivationMicroService:: processADOData
