base-plugin
command-plugin
database-plugin
deployit
deployment-checklist-plugin
file-plugin
generic-plugin
glassfish-plugin
group-orchestrator-plugin
iis-plugin
jbossas-plugin
jbossdm-plugin
jee-plugin
policy-plugin
powershell-plugin
python-plugin
remoting-plugin
tomcat-plugin
trigger-plugin
was-plugin
webserver-plugin
windows-plugin
wlp-plugin
wls-plugin
xld-aws-plugin
xld-azure-plugin
xld-chef-plugin
xld-ci-explorer
xld-cloud-foundry-plugin
xld-compare-plugin
xld-docker-plugin
xld-kubernetes-plugin
xld-openshift-plugin
xld-puppet-plugin
xld-script-plugin
xld-terraform-plugin