2018-08-17 06:19:25.335  INFO 3412 --- [main] c.z.v.services.policy.PolicyApplication  : Starting PolicyApplication on UTMSDEV0527 with PID 3412 (C:\Users\z091182\git\zions-services-framework\zions-vsts-policy-microservice\bin started by z091182 in C:\Users\z091182\git\zions-services-framework\zions-vsts-policy-microservice)
2018-08-17 06:19:25.335 DEBUG 3412 --- [main] c.z.v.services.policy.PolicyApplication  : Running with Spring Boot v2.0.0.RELEASE, Spring v5.0.4.RELEASE
2018-08-17 06:19:25.335  INFO 3412 --- [main] c.z.v.services.policy.PolicyApplication  : No active profile set, falling back to default profiles: default
2018-08-17 06:19:32.726  INFO 3412 --- [main] o.apache.catalina.core.StandardService   : Starting service [Tomcat]
2018-08-17 06:19:32.726  INFO 3412 --- [main] org.apache.catalina.core.StandardEngine  : Starting Servlet Engine: Apache Tomcat/8.5.28
2018-08-17 06:19:32.747  INFO 3412 --- [localhost-startStop-1] o.a.catalina.core.AprLifecycleListener   : The APR based Apache Tomcat Native library which allows optimal performance in production environments was not found on the java.library.path: [C:\bin\jdk\bin;C:\Windows\Sun\Java\bin;C:\Windows\system32;C:\Windows;C:/bin/jdk/bin/server;C:/bin/jdk/bin;C:/bin/jdk/lib/amd64;C:\Windows\system32;C:\Windows;C:\Windows\System32\Wbem;C:\Windows\System32\WindowsPowerShell\v1.0\;C:\Program Files\dotnet\;C:\Program Files\Microsoft SQL Server\130\Tools\Binn\;C:\Program Files\Microsoft SQL Server\Client SDK\ODBC\130\Tools\Binn\;C:\Program Files (x86)\Microsoft SQL Server\140\Tools\Binn\;C:\Program Files\Microsoft SQL Server\140\Tools\Binn\;C:\Program Files\Microsoft SQL Server\140\DTS\Binn\;C:\bin\Git\cmd;C:\bin\nodejs\;C:\bin\gradle-4.3.1\bin;C:\bin\PuTTY\;C:\Program Files (x86)\Microsoft Visual Studio\2017\Professional\Common7\IDE\CommonExtensions\Microsoft\TeamFoundation\Team Explorer;C:\bin\jdk\bin;C:\Users\z091182\AppData\Roaming\npm;C:\bin\eclipse-oxygen\eclipse;;.]
2018-08-17 06:19:33.177  INFO 3412 --- [localhost-startStop-1] o.a.c.c.C.[Tomcat].[localhost].[/]       : Initializing Spring embedded WebApplicationContext
2018-08-17 06:19:35.499  WARN 3412 --- [main] ConfigServletWebServerApplicationContext : Exception encountered during context initialization - cancelling refresh attempt: org.springframework.beans.factory.BeanCreationException: Error creating bean with name 'processTemplateService': Injection of autowired dependencies failed; nested exception is java.lang.IllegalArgumentException: Could not resolve placeholder 'type.map.resource' in value "${type.map.resource}"
2018-08-17 06:19:35.499  INFO 3412 --- [main] o.apache.catalina.core.StandardService   : Stopping service [Tomcat]
2018-08-17 06:25:47.241  INFO 9972 --- [main] c.z.v.services.policy.PolicyApplication  : Starting PolicyApplication on UTMSDEV0527 with PID 9972 (C:\Users\z091182\git\zions-services-framework\zions-vsts-policy-microservice\bin started by z091182 in C:\Users\z091182\git\zions-services-framework\zions-vsts-policy-microservice)
2018-08-17 06:25:47.245 DEBUG 9972 --- [main] c.z.v.services.policy.PolicyApplication  : Running with Spring Boot v2.0.0.RELEASE, Spring v5.0.4.RELEASE
2018-08-17 06:25:47.246  INFO 9972 --- [main] c.z.v.services.policy.PolicyApplication  : No active profile set, falling back to default profiles: default
2018-08-17 06:25:51.798  INFO 9972 --- [main] o.apache.catalina.core.StandardService   : Starting service [Tomcat]
2018-08-17 06:25:51.798  INFO 9972 --- [main] org.apache.catalina.core.StandardEngine  : Starting Servlet Engine: Apache Tomcat/8.5.28
2018-08-17 06:25:51.823  INFO 9972 --- [localhost-startStop-1] o.a.catalina.core.AprLifecycleListener   : The APR based Apache Tomcat Native library which allows optimal performance in production environments was not found on the java.library.path: [C:\bin\jdk\bin;C:\Windows\Sun\Java\bin;C:\Windows\system32;C:\Windows;C:/bin/jdk/bin/server;C:/bin/jdk/bin;C:/bin/jdk/lib/amd64;C:\Windows\system32;C:\Windows;C:\Windows\System32\Wbem;C:\Windows\System32\WindowsPowerShell\v1.0\;C:\Program Files\dotnet\;C:\Program Files\Microsoft SQL Server\130\Tools\Binn\;C:\Program Files\Microsoft SQL Server\Client SDK\ODBC\130\Tools\Binn\;C:\Program Files (x86)\Microsoft SQL Server\140\Tools\Binn\;C:\Program Files\Microsoft SQL Server\140\Tools\Binn\;C:\Program Files\Microsoft SQL Server\140\DTS\Binn\;C:\bin\Git\cmd;C:\bin\nodejs\;C:\bin\gradle-4.3.1\bin;C:\bin\PuTTY\;C:\Program Files (x86)\Microsoft Visual Studio\2017\Professional\Common7\IDE\CommonExtensions\Microsoft\TeamFoundation\Team Explorer;C:\bin\jdk\bin;C:\Users\z091182\AppData\Roaming\npm;C:\bin\eclipse-oxygen\eclipse;;.]
2018-08-17 06:25:52.004  INFO 9972 --- [localhost-startStop-1] o.a.c.c.C.[Tomcat].[localhost].[/]       : Initializing Spring embedded WebApplicationContext
2018-08-17 06:25:54.527  WARN 9972 --- [main] ConfigServletWebServerApplicationContext : Exception encountered during context initialization - cancelling refresh attempt: org.springframework.beans.factory.BeanCreationException: Error creating bean with name 'processTemplateService': Injection of autowired dependencies failed; nested exception is java.lang.IllegalArgumentException: Could not resolve placeholder 'name.map.resource' in value "${name.map.resource}"
2018-08-17 06:25:54.542  INFO 9972 --- [main] o.apache.catalina.core.StandardService   : Stopping service [Tomcat]
2018-08-17 06:29:59.854  INFO 10464 --- [main] c.z.v.services.policy.PolicyApplication  : Starting PolicyApplication on UTMSDEV0527 with PID 10464 (C:\Users\z091182\git\zions-services-framework\zions-vsts-policy-microservice\bin started by z091182 in C:\Users\z091182\git\zions-services-framework\zions-vsts-policy-microservice)
2018-08-17 06:29:59.854 DEBUG 10464 --- [main] c.z.v.services.policy.PolicyApplication  : Running with Spring Boot v2.0.0.RELEASE, Spring v5.0.4.RELEASE
2018-08-17 06:29:59.854  INFO 10464 --- [main] c.z.v.services.policy.PolicyApplication  : No active profile set, falling back to default profiles: default
2018-08-17 06:30:03.952  INFO 10464 --- [main] o.apache.catalina.core.StandardService   : Starting service [Tomcat]
2018-08-17 06:30:03.952  INFO 10464 --- [main] org.apache.catalina.core.StandardEngine  : Starting Servlet Engine: Apache Tomcat/8.5.28
2018-08-17 06:30:03.987  INFO 10464 --- [localhost-startStop-1] o.a.catalina.core.AprLifecycleListener   : The APR based Apache Tomcat Native library which allows optimal performance in production environments was not found on the java.library.path: [C:\bin\jdk\bin;C:\Windows\Sun\Java\bin;C:\Windows\system32;C:\Windows;C:/bin/jdk/bin/server;C:/bin/jdk/bin;C:/bin/jdk/lib/amd64;C:\Windows\system32;C:\Windows;C:\Windows\System32\Wbem;C:\Windows\System32\WindowsPowerShell\v1.0\;C:\Program Files\dotnet\;C:\Program Files\Microsoft SQL Server\130\Tools\Binn\;C:\Program Files\Microsoft SQL Server\Client SDK\ODBC\130\Tools\Binn\;C:\Program Files (x86)\Microsoft SQL Server\140\Tools\Binn\;C:\Program Files\Microsoft SQL Server\140\Tools\Binn\;C:\Program Files\Microsoft SQL Server\140\DTS\Binn\;C:\bin\Git\cmd;C:\bin\nodejs\;C:\bin\gradle-4.3.1\bin;C:\bin\PuTTY\;C:\Program Files (x86)\Microsoft Visual Studio\2017\Professional\Common7\IDE\CommonExtensions\Microsoft\TeamFoundation\Team Explorer;C:\bin\jdk\bin;C:\Users\z091182\AppData\Roaming\npm;C:\bin\eclipse-oxygen\eclipse;;.]
2018-08-17 06:30:04.137  INFO 10464 --- [localhost-startStop-1] o.a.c.c.C.[Tomcat].[localhost].[/]       : Initializing Spring embedded WebApplicationContext
2018-08-17 06:30:06.132  WARN 10464 --- [main] ConfigServletWebServerApplicationContext : Exception encountered during context initialization - cancelling refresh attempt: org.springframework.beans.factory.BeanCreationException: Error creating bean with name 'processTemplateService': Injection of autowired dependencies failed; nested exception is java.lang.IllegalArgumentException: Could not resolve placeholder 'default.wit.name' in value "${default.wit.name}"
2018-08-17 06:30:06.136  INFO 10464 --- [main] o.apache.catalina.core.StandardService   : Stopping service [Tomcat]
2018-08-17 06:32:20.496  INFO 9104 --- [main] c.z.v.services.policy.PolicyApplication  : Starting PolicyApplication on UTMSDEV0527 with PID 9104 (C:\Users\z091182\git\zions-services-framework\zions-vsts-policy-microservice\bin started by z091182 in C:\Users\z091182\git\zions-services-framework\zions-vsts-policy-microservice)
2018-08-17 06:32:20.511 DEBUG 9104 --- [main] c.z.v.services.policy.PolicyApplication  : Running with Spring Boot v2.0.0.RELEASE, Spring v5.0.4.RELEASE
2018-08-17 06:32:20.511  INFO 9104 --- [main] c.z.v.services.policy.PolicyApplication  : No active profile set, falling back to default profiles: default
2018-08-17 06:32:23.397  INFO 9104 --- [main] o.apache.catalina.core.StandardService   : Starting service [Tomcat]
2018-08-17 06:32:23.397  INFO 9104 --- [main] org.apache.catalina.core.StandardEngine  : Starting Servlet Engine: Apache Tomcat/8.5.28
2018-08-17 06:32:23.428  INFO 9104 --- [localhost-startStop-1] o.a.catalina.core.AprLifecycleListener   : The APR based Apache Tomcat Native library which allows optimal performance in production environments was not found on the java.library.path: [C:\bin\jdk\bin;C:\Windows\Sun\Java\bin;C:\Windows\system32;C:\Windows;C:/bin/jdk/bin/server;C:/bin/jdk/bin;C:/bin/jdk/lib/amd64;C:\Windows\system32;C:\Windows;C:\Windows\System32\Wbem;C:\Windows\System32\WindowsPowerShell\v1.0\;C:\Program Files\dotnet\;C:\Program Files\Microsoft SQL Server\130\Tools\Binn\;C:\Program Files\Microsoft SQL Server\Client SDK\ODBC\130\Tools\Binn\;C:\Program Files (x86)\Microsoft SQL Server\140\Tools\Binn\;C:\Program Files\Microsoft SQL Server\140\Tools\Binn\;C:\Program Files\Microsoft SQL Server\140\DTS\Binn\;C:\bin\Git\cmd;C:\bin\nodejs\;C:\bin\gradle-4.3.1\bin;C:\bin\PuTTY\;C:\Program Files (x86)\Microsoft Visual Studio\2017\Professional\Common7\IDE\CommonExtensions\Microsoft\TeamFoundation\Team Explorer;C:\bin\jdk\bin;C:\Users\z091182\AppData\Roaming\npm;C:\bin\eclipse-oxygen\eclipse;;.]
2018-08-17 06:32:23.600  INFO 9104 --- [localhost-startStop-1] o.a.c.c.C.[Tomcat].[localhost].[/]       : Initializing Spring embedded WebApplicationContext
2018-08-17 06:32:25.303  WARN 9104 --- [main] ConfigServletWebServerApplicationContext : Exception encountered during context initialization - cancelling refresh attempt: org.springframework.beans.factory.BeanCreationException: Error creating bean with name 'workManagementService': Injection of autowired dependencies failed; nested exception is java.lang.IllegalArgumentException: Could not resolve placeholder 'cache.location' in value "${cache.location}"
2018-08-17 06:32:25.319  INFO 9104 --- [main] o.apache.catalina.core.StandardService   : Stopping service [Tomcat]
2018-08-17 06:33:55.919  INFO 10944 --- [main] c.z.v.services.policy.PolicyApplication  : Starting PolicyApplication on UTMSDEV0527 with PID 10944 (C:\Users\z091182\git\zions-services-framework\zions-vsts-policy-microservice\bin started by z091182 in C:\Users\z091182\git\zions-services-framework\zions-vsts-policy-microservice)
2018-08-17 06:33:55.922 DEBUG 10944 --- [main] c.z.v.services.policy.PolicyApplication  : Running with Spring Boot v2.0.0.RELEASE, Spring v5.0.4.RELEASE
2018-08-17 06:33:55.923  INFO 10944 --- [main] c.z.v.services.policy.PolicyApplication  : No active profile set, falling back to default profiles: default
2018-08-17 06:34:00.140  INFO 10944 --- [main] o.apache.catalina.core.StandardService   : Starting service [Tomcat]
2018-08-17 06:34:00.141  INFO 10944 --- [main] org.apache.catalina.core.StandardEngine  : Starting Servlet Engine: Apache Tomcat/8.5.28
2018-08-17 06:34:00.179  INFO 10944 --- [localhost-startStop-1] o.a.catalina.core.AprLifecycleListener   : The APR based Apache Tomcat Native library which allows optimal performance in production environments was not found on the java.library.path: [C:\bin\jdk\bin;C:\Windows\Sun\Java\bin;C:\Windows\system32;C:\Windows;C:/bin/jdk/bin/server;C:/bin/jdk/bin;C:/bin/jdk/lib/amd64;C:\Windows\system32;C:\Windows;C:\Windows\System32\Wbem;C:\Windows\System32\WindowsPowerShell\v1.0\;C:\Program Files\dotnet\;C:\Program Files\Microsoft SQL Server\130\Tools\Binn\;C:\Program Files\Microsoft SQL Server\Client SDK\ODBC\130\Tools\Binn\;C:\Program Files (x86)\Microsoft SQL Server\140\Tools\Binn\;C:\Program Files\Microsoft SQL Server\140\Tools\Binn\;C:\Program Files\Microsoft SQL Server\140\DTS\Binn\;C:\bin\Git\cmd;C:\bin\nodejs\;C:\bin\gradle-4.3.1\bin;C:\bin\PuTTY\;C:\Program Files (x86)\Microsoft Visual Studio\2017\Professional\Common7\IDE\CommonExtensions\Microsoft\TeamFoundation\Team Explorer;C:\bin\jdk\bin;C:\Users\z091182\AppData\Roaming\npm;C:\bin\eclipse-oxygen\eclipse;;.]
2018-08-17 06:34:00.347  INFO 10944 --- [localhost-startStop-1] o.a.c.c.C.[Tomcat].[localhost].[/]       : Initializing Spring embedded WebApplicationContext
2018-08-17 06:34:06.015  INFO 10944 --- [main] c.z.v.services.policy.PolicyApplication  : Started PolicyApplication in 11.25 seconds (JVM running for 12.348)
