2019-04-04 06:14:01.024  INFO 4752 --- [main] c.z.vsts.ws.WebSocketServerApplication   : Starting WebSocketServerApplication on UTMSDEV0527 with PID 4752 (D:\git\zions-service-framework\zions-vsts-websocket-microservice\bin started by z091182 in D:\git\zions-service-framework\zions-vsts-websocket-microservice)
2019-04-04 06:14:01.027 DEBUG 4752 --- [main] c.z.vsts.ws.WebSocketServerApplication   : Running with Spring Boot v2.0.0.RELEASE, Spring v5.0.4.RELEASE
2019-04-04 06:14:01.028  INFO 4752 --- [main] c.z.vsts.ws.WebSocketServerApplication   : No active profile set, falling back to default profiles: default
2019-04-04 06:14:03.890  INFO 4752 --- [main] o.apache.catalina.core.StandardService   : Starting service [Tomcat]
2019-04-04 06:14:03.891  INFO 4752 --- [main] org.apache.catalina.core.StandardEngine  : Starting Servlet Engine: Apache Tomcat/8.5.28
2019-04-04 06:14:03.909  INFO 4752 --- [localhost-startStop-1] o.a.catalina.core.AprLifecycleListener   : The APR based Apache Tomcat Native library which allows optimal performance in production environments was not found on the java.library.path: [C:\bin\jdk\bin;C:\Windows\Sun\Java\bin;C:\Windows\system32;C:\Windows;C:/bin/jdk/bin/../jre/bin/server;C:/bin/jdk/bin/../jre/bin;C:/bin/jdk/bin/../jre/lib/amd64;C:\Windows\system32;C:\Windows;C:\Windows\System32\Wbem;C:\Windows\System32\WindowsPowerShell\v1.0\;C:\Program Files\dotnet\;C:\Program Files\Microsoft SQL Server\130\Tools\Binn\;C:\Program Files\Microsoft SQL Server\Client SDK\ODBC\130\Tools\Binn\;C:\Program Files (x86)\Microsoft SQL Server\140\Tools\Binn\;C:\Program Files\Microsoft SQL Server\140\Tools\Binn\;C:\Program Files\Microsoft SQL Server\140\DTS\Binn\;C:\bin\Git\cmd;C:\bin\nodejs\;C:\bin\gradle-4.3.1\bin;C:\bin\PuTTY\;C:\Program Files (x86)\Microsoft Visual Studio\2017\Professional\Common7\IDE\CommonExtensions\Microsoft\TeamFoundation\Team Explorer;C:\bin\jdk\bin;C:\Users\z091182\AppData\Roaming\npm;D:\bin\eclipse;;.]
2019-04-04 06:14:04.110  INFO 4752 --- [localhost-startStop-1] o.a.c.c.C.[Tomcat].[localhost].[/]       : Initializing Spring embedded WebApplicationContext
2019-04-04 06:14:15.762 ERROR 4752 --- [main] d.f.embed.process.runtime.Starter        : prepare executable

java.io.IOException: Could not open inputStream for https://downloads.mongodb.org/win32/mongodb-win32-x86_64-3.2.2.zip
	at de.flapdoodle.embed.process.store.Downloader.downloadInputStream(Downloader.java:131) ~[de.flapdoodle.embed.process-2.0.2.jar:na]
	at de.flapdoodle.embed.process.store.Downloader.download(Downloader.java:69) ~[de.flapdoodle.embed.process-2.0.2.jar:na]
	at de.flapdoodle.embed.process.store.ArtifactStore.checkDistribution(ArtifactStore.java:66) ~[de.flapdoodle.embed.process-2.0.2.jar:na]
	at de.flapdoodle.embed.process.store.ExtractedArtifactStore.checkDistribution(ExtractedArtifactStore.java:60) ~[de.flapdoodle.embed.process-2.0.2.jar:na]
	at de.flapdoodle.embed.process.runtime.Starter.prepare(Starter.java:56) [de.flapdoodle.embed.process-2.0.2.jar:na]
	at de.flapdoodle.embed.process.runtime.Starter.prepare(Starter.java:49) [de.flapdoodle.embed.process-2.0.2.jar:na]
	at org.springframework.boot.autoconfigure.mongo.embedded.EmbeddedMongoAutoConfiguration.embeddedMongoServer(EmbeddedMongoAutoConfiguration.java:116) [spring-boot-autoconfigure-2.0.0.RELEASE.jar:2.0.0.RELEASE]
	at org.springframework.boot.autoconfigure.mongo.embedded.EmbeddedMongoAutoConfiguration$$EnhancerBySpringCGLIB$$c04c4d7b.CGLIB$embeddedMongoServer$0(<generated>) [spring-boot-autoconfigure-2.0.0.RELEASE.jar:2.0.0.RELEASE]
	at org.springframework.boot.autoconfigure.mongo.embedded.EmbeddedMongoAutoConfiguration$$EnhancerBySpringCGLIB$$c04c4d7b$$FastClassBySpringCGLIB$$fa788d5.invoke(<generated>) [spring-boot-autoconfigure-2.0.0.RELEASE.jar:2.0.0.RELEASE]
	at org.springframework.cglib.proxy.MethodProxy.invokeSuper(MethodProxy.java:228) [spring-core-5.0.4.RELEASE.jar:5.0.4.RELEASE]
	at org.springframework.context.annotation.ConfigurationClassEnhancer$BeanMethodInterceptor.intercept(ConfigurationClassEnhancer.java:361) [spring-context-5.0.4.RELEASE.jar:5.0.4.RELEASE]
	at org.springframework.boot.autoconfigure.mongo.embedded.EmbeddedMongoAutoConfiguration$$EnhancerBySpringCGLIB$$c04c4d7b.embeddedMongoServer(<generated>) [spring-boot-autoconfigure-2.0.0.RELEASE.jar:2.0.0.RELEASE]
	at sun.reflect.NativeMethodAccessorImpl.invoke0(Native Method) ~[na:1.8.0_191]
	at sun.reflect.NativeMethodAccessorImpl.invoke(NativeMethodAccessorImpl.java:62) ~[na:1.8.0_191]
	at sun.reflect.DelegatingMethodAccessorImpl.invoke(DelegatingMethodAccessorImpl.java:43) ~[na:1.8.0_191]
	at java.lang.reflect.Method.invoke(Method.java:498) ~[na:1.8.0_191]
	at org.springframework.beans.factory.support.SimpleInstantiationStrategy.instantiate(SimpleInstantiationStrategy.java:154) [spring-beans-5.0.4.RELEASE.jar:5.0.4.RELEASE]
	at org.springframework.beans.factory.support.ConstructorResolver.instantiateUsingFactoryMethod(ConstructorResolver.java:579) [spring-beans-5.0.4.RELEASE.jar:5.0.4.RELEASE]
	at org.springframework.beans.factory.support.AbstractAutowireCapableBeanFactory.instantiateUsingFactoryMethod(AbstractAutowireCapableBeanFactory.java:1250) [spring-beans-5.0.4.RELEASE.jar:5.0.4.RELEASE]
	at org.springframework.beans.factory.support.AbstractAutowireCapableBeanFactory.createBeanInstance(AbstractAutowireCapableBeanFactory.java:1099) [spring-beans-5.0.4.RELEASE.jar:5.0.4.RELEASE]
	at org.springframework.beans.factory.support.AbstractAutowireCapableBeanFactory.doCreateBean(AbstractAutowireCapableBeanFactory.java:545) [spring-beans-5.0.4.RELEASE.jar:5.0.4.RELEASE]
	at org.springframework.beans.factory.support.AbstractAutowireCapableBeanFactory.createBean(AbstractAutowireCapableBeanFactory.java:502) [spring-beans-5.0.4.RELEASE.jar:5.0.4.RELEASE]
	at org.springframework.beans.factory.support.AbstractBeanFactory.lambda$doGetBean$0(AbstractBeanFactory.java:312) [spring-beans-5.0.4.RELEASE.jar:5.0.4.RELEASE]
	at org.springframework.beans.factory.support.DefaultSingletonBeanRegistry.getSingleton(DefaultSingletonBeanRegistry.java:228) ~[spring-beans-5.0.4.RELEASE.jar:5.0.4.RELEASE]
	at org.springframework.beans.factory.support.AbstractBeanFactory.doGetBean(AbstractBeanFactory.java:310) [spring-beans-5.0.4.RELEASE.jar:5.0.4.RELEASE]
	at org.springframework.beans.factory.support.AbstractBeanFactory.getBean(AbstractBeanFactory.java:200) [spring-beans-5.0.4.RELEASE.jar:5.0.4.RELEASE]
	at org.springframework.beans.factory.support.DefaultListableBeanFactory.preInstantiateSingletons(DefaultListableBeanFactory.java:760) ~[spring-beans-5.0.4.RELEASE.jar:5.0.4.RELEASE]
	at org.springframework.context.support.AbstractApplicationContext.finishBeanFactoryInitialization(AbstractApplicationContext.java:868) ~[spring-context-5.0.4.RELEASE.jar:5.0.4.RELEASE]
	at org.springframework.context.support.AbstractApplicationContext.refresh(AbstractApplicationContext.java:549) ~[spring-context-5.0.4.RELEASE.jar:5.0.4.RELEASE]
	at org.springframework.boot.web.servlet.context.ServletWebServerApplicationContext.refresh(ServletWebServerApplicationContext.java:140) ~[spring-boot-2.0.0.RELEASE.jar:2.0.0.RELEASE]
	at org.springframework.boot.SpringApplication.refresh(SpringApplication.java:752) ~[spring-boot-2.0.0.RELEASE.jar:2.0.0.RELEASE]
	at org.springframework.boot.SpringApplication.refreshContext(SpringApplication.java:388) ~[spring-boot-2.0.0.RELEASE.jar:2.0.0.RELEASE]
	at org.springframework.boot.SpringApplication.run(SpringApplication.java:327) ~[spring-boot-2.0.0.RELEASE.jar:2.0.0.RELEASE]
	at org.springframework.boot.SpringApplication$run.call(Unknown Source) ~[na:na]
	at org.codehaus.groovy.runtime.callsite.CallSiteArray.defaultCall(CallSiteArray.java:48) ~[groovy-all-2.4.13.jar:2.4.13]
	at org.codehaus.groovy.runtime.callsite.AbstractCallSite.call(AbstractCallSite.java:113) ~[groovy-all-2.4.13.jar:2.4.13]
	at org.codehaus.groovy.runtime.callsite.AbstractCallSite.call(AbstractCallSite.java:125) ~[groovy-all-2.4.13.jar:2.4.13]
	at com.zions.vsts.ws.WebSocketServerApplication.main(WebSocketServerApplication.groovy:33) ~[bin/:na]
Caused by: java.net.SocketTimeoutException: connect timed out
	at java.net.DualStackPlainSocketImpl.waitForConnect(Native Method) ~[na:1.8.0_191]
	at java.net.DualStackPlainSocketImpl.socketConnect(DualStackPlainSocketImpl.java:85) ~[na:1.8.0_191]
	at java.net.AbstractPlainSocketImpl.doConnect(AbstractPlainSocketImpl.java:350) ~[na:1.8.0_191]
	at java.net.AbstractPlainSocketImpl.connectToAddress(AbstractPlainSocketImpl.java:206) ~[na:1.8.0_191]
	at java.net.AbstractPlainSocketImpl.connect(AbstractPlainSocketImpl.java:188) ~[na:1.8.0_191]
	at java.net.PlainSocketImpl.connect(PlainSocketImpl.java:172) ~[na:1.8.0_191]
	at java.net.SocksSocketImpl.connect(SocksSocketImpl.java:392) ~[na:1.8.0_191]
	at java.net.Socket.connect(Socket.java:589) ~[na:1.8.0_191]
	at sun.security.ssl.SSLSocketImpl.connect(SSLSocketImpl.java:666) ~[na:1.8.0_191]
	at sun.net.NetworkClient.doConnect(NetworkClient.java:175) ~[na:1.8.0_191]
	at sun.net.www.http.HttpClient.openServer(HttpClient.java:463) ~[na:1.8.0_191]
	at sun.net.www.http.HttpClient.openServer(HttpClient.java:558) ~[na:1.8.0_191]
	at sun.net.www.protocol.https.HttpsClient.<init>(HttpsClient.java:264) ~[na:1.8.0_191]
	at sun.net.www.protocol.https.HttpsClient.New(HttpsClient.java:367) ~[na:1.8.0_191]
	at sun.net.www.protocol.https.AbstractDelegateHttpsURLConnection.getNewHttpClient(AbstractDelegateHttpsURLConnection.java:191) ~[na:1.8.0_191]
	at sun.net.www.protocol.http.HttpURLConnection.plainConnect0(HttpURLConnection.java:1156) ~[na:1.8.0_191]
	at sun.net.www.protocol.http.HttpURLConnection.plainConnect(HttpURLConnection.java:1050) ~[na:1.8.0_191]
	at sun.net.www.protocol.https.AbstractDelegateHttpsURLConnection.connect(AbstractDelegateHttpsURLConnection.java:177) ~[na:1.8.0_191]
	at sun.net.www.protocol.http.HttpURLConnection.getInputStream0(HttpURLConnection.java:1564) ~[na:1.8.0_191]
	at sun.net.www.protocol.http.HttpURLConnection.getInputStream(HttpURLConnection.java:1492) ~[na:1.8.0_191]
	at sun.net.www.protocol.https.HttpsURLConnectionImpl.getInputStream(HttpsURLConnectionImpl.java:263) ~[na:1.8.0_191]
	at de.flapdoodle.embed.process.store.Downloader.downloadInputStream(Downloader.java:127) ~[de.flapdoodle.embed.process-2.0.2.jar:na]
	... 37 common frames omitted

2019-04-04 06:14:15.764  WARN 4752 --- [main] ConfigServletWebServerApplicationContext : Exception encountered during context initialization - cancelling refresh attempt: org.springframework.beans.factory.BeanCreationException: Error creating bean with name 'embeddedMongoServer' defined in class path resource [org/springframework/boot/autoconfigure/mongo/embedded/EmbeddedMongoAutoConfiguration.class]: Bean instantiation via factory method failed; nested exception is org.springframework.beans.BeanInstantiationException: Failed to instantiate [de.flapdoodle.embed.mongo.MongodExecutable]: Factory method 'embeddedMongoServer' threw exception; nested exception is de.flapdoodle.embed.process.exceptions.DistributionException: java.io.IOException: Could not open inputStream for https://downloads.mongodb.org/win32/mongodb-win32-x86_64-3.2.2.zip
2019-04-04 06:14:15.767  INFO 4752 --- [main] o.apache.catalina.core.StandardService   : Stopping service [Tomcat]
2019-04-04 06:16:26.240  INFO 7272 --- [main] c.z.vsts.ws.WebSocketServerApplication   : Starting WebSocketServerApplication on UTMSDEV0527 with PID 7272 (D:\git\zions-service-framework\zions-vsts-websocket-microservice\bin started by z091182 in D:\git\zions-service-framework\zions-vsts-websocket-microservice)
2019-04-04 06:16:26.243 DEBUG 7272 --- [main] c.z.vsts.ws.WebSocketServerApplication   : Running with Spring Boot v2.0.0.RELEASE, Spring v5.0.4.RELEASE
2019-04-04 06:16:26.244  INFO 7272 --- [main] c.z.vsts.ws.WebSocketServerApplication   : No active profile set, falling back to default profiles: default
2019-04-04 06:16:29.006  INFO 7272 --- [main] o.apache.catalina.core.StandardService   : Starting service [Tomcat]
2019-04-04 06:16:29.007  INFO 7272 --- [main] org.apache.catalina.core.StandardEngine  : Starting Servlet Engine: Apache Tomcat/8.5.28
2019-04-04 06:16:29.021  INFO 7272 --- [localhost-startStop-1] o.a.catalina.core.AprLifecycleListener   : The APR based Apache Tomcat Native library which allows optimal performance in production environments was not found on the java.library.path: [C:\bin\jdk\bin;C:\Windows\Sun\Java\bin;C:\Windows\system32;C:\Windows;C:/bin/jdk/bin/../jre/bin/server;C:/bin/jdk/bin/../jre/bin;C:/bin/jdk/bin/../jre/lib/amd64;C:\Windows\system32;C:\Windows;C:\Windows\System32\Wbem;C:\Windows\System32\WindowsPowerShell\v1.0\;C:\Program Files\dotnet\;C:\Program Files\Microsoft SQL Server\130\Tools\Binn\;C:\Program Files\Microsoft SQL Server\Client SDK\ODBC\130\Tools\Binn\;C:\Program Files (x86)\Microsoft SQL Server\140\Tools\Binn\;C:\Program Files\Microsoft SQL Server\140\Tools\Binn\;C:\Program Files\Microsoft SQL Server\140\DTS\Binn\;C:\bin\Git\cmd;C:\bin\nodejs\;C:\bin\gradle-4.3.1\bin;C:\bin\PuTTY\;C:\Program Files (x86)\Microsoft Visual Studio\2017\Professional\Common7\IDE\CommonExtensions\Microsoft\TeamFoundation\Team Explorer;C:\bin\jdk\bin;C:\Users\z091182\AppData\Roaming\npm;D:\bin\eclipse;;.]
2019-04-04 06:16:29.187  INFO 7272 --- [localhost-startStop-1] o.a.c.c.C.[Tomcat].[localhost].[/]       : Initializing Spring embedded WebApplicationContext
2019-04-04 06:16:31.555  INFO 7272 --- [main] c.z.vsts.ws.WebSocketServerApplication   : Started WebSocketServerApplication in 6.773 seconds (JVM running for 8.139)
2019-04-04 06:22:19.242  INFO 7072 --- [main] c.z.vsts.ws.WebSocketServerApplication   : Starting WebSocketServerApplication on UTMSDEV0527 with PID 7072 (D:\git\zions-service-framework\zions-vsts-websocket-microservice\bin started by z091182 in D:\git\zions-service-framework\zions-vsts-websocket-microservice)
2019-04-04 06:22:19.249 DEBUG 7072 --- [main] c.z.vsts.ws.WebSocketServerApplication   : Running with Spring Boot v2.0.0.RELEASE, Spring v5.0.4.RELEASE
2019-04-04 06:22:19.250  INFO 7072 --- [main] c.z.vsts.ws.WebSocketServerApplication   : No active profile set, falling back to default profiles: default
2019-04-04 06:23:08.878  INFO 7072 --- [main] o.apache.catalina.core.StandardService   : Starting service [Tomcat]
2019-04-04 06:23:08.878  INFO 7072 --- [main] org.apache.catalina.core.StandardEngine  : Starting Servlet Engine: Apache Tomcat/8.5.28
2019-04-04 06:23:08.913  INFO 7072 --- [localhost-startStop-1] o.a.catalina.core.AprLifecycleListener   : The APR based Apache Tomcat Native library which allows optimal performance in production environments was not found on the java.library.path: [C:\bin\jdk\bin;C:\Windows\Sun\Java\bin;C:\Windows\system32;C:\Windows;C:\bin\jdk\jre\bin;C:/bin/jdk/bin/../jre/bin/server;C:/bin/jdk/bin/../jre/bin;C:/bin/jdk/bin/../jre/lib/amd64;C:\Windows\system32;C:\Windows;C:\Windows\System32\Wbem;C:\Windows\System32\WindowsPowerShell\v1.0\;C:\Program Files\dotnet\;C:\Program Files\Microsoft SQL Server\130\Tools\Binn\;C:\Program Files\Microsoft SQL Server\Client SDK\ODBC\130\Tools\Binn\;C:\Program Files (x86)\Microsoft SQL Server\140\Tools\Binn\;C:\Program Files\Microsoft SQL Server\140\Tools\Binn\;C:\Program Files\Microsoft SQL Server\140\DTS\Binn\;C:\bin\Git\cmd;C:\bin\nodejs\;C:\bin\gradle-4.3.1\bin;C:\bin\PuTTY\;C:\Program Files (x86)\Microsoft Visual Studio\2017\Professional\Common7\IDE\CommonExtensions\Microsoft\TeamFoundation\Team Explorer;C:\bin\jdk\bin;C:\Users\z091182\AppData\Roaming\npm;D:\bin\eclipse;;.]
2019-04-04 06:23:09.069  INFO 7072 --- [localhost-startStop-1] o.a.c.c.C.[Tomcat].[localhost].[/]       : Initializing Spring embedded WebApplicationContext
2019-04-04 06:23:12.590  INFO 7072 --- [main] c.z.vsts.ws.WebSocketServerApplication   : Started WebSocketServerApplication in 55.664 seconds (JVM running for 57.556)
2019-04-04 06:26:03.792  INFO 7072 --- [https-jsse-nio-443-exec-7] o.a.c.c.C.[Tomcat].[localhost].[/]       : Initializing Spring FrameworkServlet 'dispatcherServlet'
2019-04-04 06:26:28.226  INFO 7072 --- [https-jsse-nio-443-exec-7] o.a.t.w.s.WsRemoteEndpointImplServer     : Failed to close the ServletOutputStream connection cleanly

java.io.IOException: An existing connection was forcibly closed by the remote host
	at sun.nio.ch.SocketDispatcher.write0(Native Method) ~[na:1.8.0_191]
	at sun.nio.ch.SocketDispatcher.write(SocketDispatcher.java:51) ~[na:1.8.0_191]
	at sun.nio.ch.IOUtil.writeFromNativeBuffer(IOUtil.java:93) ~[na:1.8.0_191]
	at sun.nio.ch.IOUtil.write(IOUtil.java:65) ~[na:1.8.0_191]
	at sun.nio.ch.SocketChannelImpl.write(SocketChannelImpl.java:471) ~[na:1.8.0_191]
	at org.apache.tomcat.util.net.SecureNioChannel.flush(SecureNioChannel.java:144) ~[tomcat-embed-core-8.5.28.jar:8.5.28]
	at org.apache.tomcat.util.net.SecureNioChannel.close(SecureNioChannel.java:512) ~[tomcat-embed-core-8.5.28.jar:8.5.28]
	at org.apache.tomcat.util.net.NioEndpoint$NioSocketWrapper.close(NioEndpoint.java:1209) ~[tomcat-embed-core-8.5.28.jar:8.5.28]
	at org.apache.tomcat.websocket.server.WsRemoteEndpointImplServer.doClose(WsRemoteEndpointImplServer.java:167) ~[tomcat-embed-websocket-8.5.28.jar:8.5.28]
	at org.apache.tomcat.websocket.WsRemoteEndpointImplBase.close(WsRemoteEndpointImplBase.java:710) [tomcat-embed-websocket-8.5.28.jar:8.5.28]
	at org.apache.tomcat.websocket.WsSession.sendCloseMessage(WsSession.java:599) [tomcat-embed-websocket-8.5.28.jar:8.5.28]
	at org.apache.tomcat.websocket.WsSession.onClose(WsSession.java:512) [tomcat-embed-websocket-8.5.28.jar:8.5.28]
	at org.apache.tomcat.websocket.server.WsHttpUpgradeHandler.close(WsHttpUpgradeHandler.java:240) [tomcat-embed-websocket-8.5.28.jar:8.5.28]
	at org.apache.tomcat.websocket.server.WsHttpUpgradeHandler.upgradeDispatch(WsHttpUpgradeHandler.java:162) [tomcat-embed-websocket-8.5.28.jar:8.5.28]
	at org.apache.coyote.http11.upgrade.UpgradeProcessorInternal.dispatch(UpgradeProcessorInternal.java:54) [tomcat-embed-core-8.5.28.jar:8.5.28]
	at org.apache.coyote.AbstractProcessorLight.process(AbstractProcessorLight.java:53) [tomcat-embed-core-8.5.28.jar:8.5.28]
	at org.apache.coyote.AbstractProtocol$ConnectionHandler.process(AbstractProtocol.java:790) [tomcat-embed-core-8.5.28.jar:8.5.28]
	at org.apache.tomcat.util.net.NioEndpoint$SocketProcessor.doRun(NioEndpoint.java:1459) [tomcat-embed-core-8.5.28.jar:8.5.28]
	at org.apache.tomcat.util.net.SocketProcessorBase.run(SocketProcessorBase.java:49) [tomcat-embed-core-8.5.28.jar:8.5.28]
	at java.util.concurrent.ThreadPoolExecutor.runWorker(ThreadPoolExecutor.java:1149) [na:1.8.0_191]
	at java.util.concurrent.ThreadPoolExecutor$Worker.run(ThreadPoolExecutor.java:624) [na:1.8.0_191]
	at org.apache.tomcat.util.threads.TaskThread$WrappingRunnable.run(TaskThread.java:61) [tomcat-embed-core-8.5.28.jar:8.5.28]
	at java.lang.Thread.run(Thread.java:748) [na:1.8.0_191]

