#
# There is insufficient memory for the Java Runtime Environment to continue.
# Native memory allocation (malloc) failed to allocate 659376 bytes for Chunk::new
# Possible reasons:
#   The system is out of physical RAM or swap space
#   The process is running with CompressedOops enabled, and the Java Heap may be blocking the growth of the native heap
# Possible solutions:
#   Reduce memory load on the system
#   Increase physical memory or swap space
#   Check if swap backing store is full
#   Decrease Java heap size (-Xmx/-Xms)
#   Decrease number of Java threads
#   Decrease Java thread stack sizes (-Xss)
#   Set larger code cache with -XX:ReservedCodeCacheSize=
#   JVM is running with Zero Based Compressed Oops mode in which the Java heap is
#     placed in the first 32GB address space. The Java Heap base address is the
#     maximum limit for the native heap growth. Please use -XX:HeapBaseMinAddress
#     to set the Java Heap base and to place the Java Heap above 32GB virtual address.
# This output file may be truncated or incomplete.
#
#  Out of Memory Error (allocation.cpp:389), pid=6188, tid=0x000000000000247c
#
# JRE version: OpenJDK Runtime Environment (8.0_242-b08) (build 1.8.0_242-b08)
# Java VM: OpenJDK 64-Bit Server VM (25.242-b08 mixed mode windows-amd64 compressed oops)
# Failed to write core dump. 
#

---------------  T H R E A D  ---------------

Current thread (0x0000002647a27000):  JavaThread "C2 CompilerThread0" daemon [_thread_in_native, id=9340, stack(0x00000026489f0000,0x0000002648af0000)]

Stack: [0x00000026489f0000,0x0000002648af0000]
[error occurred during error reporting (printing stack bounds), id 0xc0000005]

Native frames: (J=compiled Java code, j=interpreted, Vv=VM code, C=native code)


Current CompileTask:
C2:   2453 1090   !   4       sun.misc.URLClassPath$JarLoader::getResource (353 bytes)


---------------  P R O C E S S  ---------------

Java Threads: ( => current thread )
  0x0000002647acd800 JavaThread "Service Thread" daemon [_thread_blocked, id=9480, stack(0x0000002648bf0000,0x0000002648cf0000)]
  0x0000002647a7e800 JavaThread "C1 CompilerThread1" daemon [_thread_blocked, id=6180, stack(0x0000002648af0000,0x0000002648bf0000)]
=>0x0000002647a27000 JavaThread "C2 CompilerThread0" daemon [_thread_in_native, id=9340, stack(0x00000026489f0000,0x0000002648af0000)]
  0x0000002647a24800 JavaThread "Attach Listener" daemon [_thread_blocked, id=1216, stack(0x00000026488f0000,0x00000026489f0000)]
  0x0000002647a21000 JavaThread "Signal Dispatcher" daemon [_thread_blocked, id=6384, stack(0x00000026487f0000,0x00000026488f0000)]
  0x00000026479f7000 JavaThread "Finalizer" daemon [_thread_blocked, id=4412, stack(0x00000026486f0000,0x00000026487f0000)]
  0x00000026479ec000 JavaThread "Reference Handler" daemon [_thread_blocked, id=2676, stack(0x00000026485f0000,0x00000026486f0000)]
  0x00000026315f5800 JavaThread "main" [_thread_in_Java, id=3688, stack(0x0000002632eb0000,0x0000002632fb0000)]

Other Threads:
  0x00000026479c4000 VMThread [stack: 0x00000026484f0000,0x00000026485f0000] [id=9884]
  0x0000002647ae8000 WatcherThread [stack: 0x0000002648cf0000,0x0000002648df0000] [id=7092]

VM state:not at safepoint (normal execution)

VM Mutex/Monitor currently owned by a thread: None

heap address: 0x000000073fe00000, size: 2050 MB, Compressed Oops mode: Zero based, Oop shift amount: 3
Narrow klass base: 0x0000000000000000, Narrow klass shift: 3
Compressed class space size: 1073741824 Address: 0x00000007c0000000

Heap:
 PSYoungGen      total 38912K, used 663K [0x0000000795500000, 0x0000000798000000, 0x00000007c0000000)
  eden space 33792K, 1% used [0x0000000795500000,0x00000007955a5ec8,0x0000000797600000)
  from space 5120K, 0% used [0x0000000797b00000,0x0000000797b00000,0x0000000798000000)
  to   space 5120K, 0% used [0x0000000797600000,0x0000000797600000,0x0000000797b00000)
 ParOldGen       total 66560K, used 7101K [0x000000073fe00000, 0x0000000743f00000, 0x0000000795500000)
  object space 66560K, 10% used [0x000000073fe00000,0x00000007404ef4e0,0x0000000743f00000)
 Metaspace       used 14407K, capacity 14719K, committed 15104K, reserved 1069056K
  class space    used 1584K, capacity 1683K, committed 1792K, reserved 1048576K

Card table byte_map: [0x0000002642370000,0x0000002642780000] byte_map_base: 0x000000263e971000

Marking Bits: (ParMarkBitMap*) 0x0000000069648030
 Begin Bits: [0x0000002642c30000, 0x0000002644c38000)
 End Bits:   [0x0000002644c38000, 0x0000002646c40000)

Polling page: 0x0000002631530000

CodeCache: size=245760Kb used=5045Kb max_used=5045Kb free=240714Kb
 bounds [0x0000002632fb0000, 0x00000026334a0000, 0x0000002641fb0000]
 total_blobs=1681 nmethods=1122 adapters=472
 compilation: enabled

Compilation events (10 events):
Event: 2.221 Thread 0x0000002647a27000 nmethod 1085 0x000000263348add0 code [0x000000263348b0c0, 0x000000263348cec8]
Event: 2.225 Thread 0x0000002647a7e800 1086       1       java.lang.invoke.MethodHandles$Lookup::lookupClass (5 bytes)
Event: 2.225 Thread 0x0000002647a7e800 nmethod 1086 0x00000026334802d0 code [0x0000002633480420, 0x0000002633480538]
Event: 2.225 Thread 0x0000002647a7e800 1087       3       jdk.internal.org.objectweb.asm.AnnotationVisitor::<init> (35 bytes)
Event: 2.225 Thread 0x0000002647a7e800 nmethod 1087 0x000000263347fcd0 code [0x000000263347fe40, 0x0000002633480150]
Event: 2.233 Thread 0x0000002647a7e800 1088       3       java.util.concurrent.locks.AbstractQueuedSynchronizer::<init> (5 bytes)
Event: 2.233 Thread 0x0000002647a7e800 nmethod 1088 0x000000263348a950 code [0x000000263348aac0, 0x000000263348acd8]
Event: 2.233 Thread 0x0000002647a7e800 1089       3       java.util.concurrent.locks.AbstractOwnableSynchronizer::<init> (5 bytes)
Event: 2.234 Thread 0x0000002647a7e800 nmethod 1089 0x000000263348a590 code [0x000000263348a6e0, 0x000000263348a898]
Event: 2.240 Thread 0x0000002647a27000 1090   !   4       sun.misc.URLClassPath$JarLoader::getResource (353 bytes)

GC Heap History (2 events):
Event: 1.550 GC heap before
{Heap before GC invocations=1 (full 0):
 PSYoungGen      total 38912K, used 33792K [0x0000000795500000, 0x0000000798000000, 0x00000007c0000000)
  eden space 33792K, 100% used [0x0000000795500000,0x0000000797600000,0x0000000797600000)
  from space 5120K, 0% used [0x0000000797b00000,0x0000000797b00000,0x0000000798000000)
  to   space 5120K, 0% used [0x0000000797600000,0x0000000797600000,0x0000000797b00000)
 ParOldGen       total 89088K, used 0K [0x000000073fe00000, 0x0000000745500000, 0x0000000795500000)
  object space 89088K, 0% used [0x000000073fe00000,0x000000073fe00000,0x0000000745500000)
 Metaspace       used 8921K, capacity 9154K, committed 9344K, reserved 1056768K
  class space    used 915K, capacity 1027K, committed 1152K, reserved 1048576K
Event: 1.564 GC heap after
Heap after GC invocations=1 (full 0):
 PSYoungGen      total 38912K, used 5119K [0x0000000795500000, 0x0000000798000000, 0x00000007c0000000)
  eden space 33792K, 0% used [0x0000000795500000,0x0000000795500000,0x0000000797600000)
  from space 5120K, 99% used [0x0000000797600000,0x0000000797affd38,0x0000000797b00000)
  to   space 5120K, 0% used [0x0000000797b00000,0x0000000797b00000,0x0000000798000000)
 ParOldGen       total 89088K, used 56K [0x000000073fe00000, 0x0000000745500000, 0x0000000795500000)
  object space 89088K, 0% used [0x000000073fe00000,0x000000073fe0e3e8,0x0000000745500000)
 Metaspace       used 8921K, capacity 9154K, committed 9344K, reserved 1056768K
  class space    used 915K, capacity 1027K, committed 1152K, reserved 1048576K
}

Deoptimization events (10 events):
Event: 1.092 Thread 0x00000026315f5800 Uncommon trap: reason=unstable_if action=reinterpret pc=0x00000026332f0b1c method=java.io.WinNTFileSystem.normalize(Ljava/lang/String;II)Ljava/lang/String; @ 90
Event: 1.092 Thread 0x00000026315f5800 Uncommon trap: reason=class_check action=maybe_recompile pc=0x00000026332f3474 method=sun.misc.URLClassPath.getLoader(I)Lsun/misc/URLClassPath$Loader; @ 94
Event: 1.093 Thread 0x00000026315f5800 Uncommon trap: reason=class_check action=maybe_recompile pc=0x00000026332f3474 method=sun.misc.URLClassPath.getLoader(I)Lsun/misc/URLClassPath$Loader; @ 94
Event: 1.093 Thread 0x00000026315f5800 Uncommon trap: reason=class_check action=maybe_recompile pc=0x00000026332f3474 method=sun.misc.URLClassPath.getLoader(I)Lsun/misc/URLClassPath$Loader; @ 94
Event: 1.337 Thread 0x00000026315f5800 Uncommon trap: reason=unstable_if action=reinterpret pc=0x00000026332f5274 method=java.util.HashMap.getNode(ILjava/lang/Object;)Ljava/util/HashMap$Node; @ 62
Event: 1.337 Thread 0x00000026315f5800 Uncommon trap: reason=unstable_if action=reinterpret pc=0x00000026332b9d64 method=java.util.HashMap.getNode(ILjava/lang/Object;)Ljava/util/HashMap$Node; @ 62
Event: 1.510 Thread 0x00000026315f5800 Uncommon trap: reason=unstable_if action=reinterpret pc=0x0000002633359060 method=sun.net.www.ParseUtil.encodePath(Ljava/lang/String;Z)Ljava/lang/String; @ 109
Event: 1.933 Thread 0x00000026315f5800 Uncommon trap: reason=unstable_if action=reinterpret pc=0x00000026333b2334 method=java.lang.String.lastIndexOf([CII[CIII)I @ 66
Event: 2.009 Thread 0x00000026315f5800 Uncommon trap: reason=class_check action=maybe_recompile pc=0x00000026332bf068 method=java.io.BufferedInputStream.read([BII)I @ 101
Event: 2.024 Thread 0x00000026315f5800 Uncommon trap: reason=unstable_if action=reinterpret pc=0x00000026332bee84 method=java.io.DataInputStream.readUTF(Ljava/io/DataInput;)Ljava/lang/String; @ 31

Classes redefined (0 events):
No events

Internal exceptions (10 events):
Event: 1.912 Thread 0x00000026315f5800 Exception <a 'java/lang/ArrayIndexOutOfBoundsException'> (0x0000000796266958) thrown at [C:\cygwin64\tmp\openjdk-jdk8u-windows-x64-hotspot\workspace\build\src\hotspot\src\share\vm\runtime\sharedRuntime.cpp, line 605]
Event: 1.912 Thread 0x00000026315f5800 Exception <a 'java/lang/ArrayIndexOutOfBoundsException'> (0x0000000796267a10) thrown at [C:\cygwin64\tmp\openjdk-jdk8u-windows-x64-hotspot\workspace\build\src\hotspot\src\share\vm\runtime\sharedRuntime.cpp, line 605]
Event: 1.912 Thread 0x00000026315f5800 Exception <a 'java/lang/ArrayIndexOutOfBoundsException'> (0x0000000796268808) thrown at [C:\cygwin64\tmp\openjdk-jdk8u-windows-x64-hotspot\workspace\build\src\hotspot\src\share\vm\runtime\sharedRuntime.cpp, line 605]
Event: 1.912 Thread 0x00000026315f5800 Exception <a 'java/lang/ArrayIndexOutOfBoundsException'> (0x00000007962695e8) thrown at [C:\cygwin64\tmp\openjdk-jdk8u-windows-x64-hotspot\workspace\build\src\hotspot\src\share\vm\runtime\sharedRuntime.cpp, line 605]
Event: 1.912 Thread 0x00000026315f5800 Exception <a 'java/lang/ArrayIndexOutOfBoundsException'> (0x000000079626a710) thrown at [C:\cygwin64\tmp\openjdk-jdk8u-windows-x64-hotspot\workspace\build\src\hotspot\src\share\vm\runtime\sharedRuntime.cpp, line 605]
Event: 1.912 Thread 0x00000026315f5800 Exception <a 'java/lang/ArrayIndexOutOfBoundsException'> (0x000000079626be18) thrown at [C:\cygwin64\tmp\openjdk-jdk8u-windows-x64-hotspot\workspace\build\src\hotspot\src\share\vm\runtime\sharedRuntime.cpp, line 605]
Event: 1.912 Thread 0x00000026315f5800 Exception <a 'java/lang/ArrayIndexOutOfBoundsException'> (0x000000079626ed28) thrown at [C:\cygwin64\tmp\openjdk-jdk8u-windows-x64-hotspot\workspace\build\src\hotspot\src\share\vm\runtime\sharedRuntime.cpp, line 605]
Event: 1.913 Thread 0x00000026315f5800 Exception <a 'java/lang/ArrayIndexOutOfBoundsException'> (0x00000007962718d0) thrown at [C:\cygwin64\tmp\openjdk-jdk8u-windows-x64-hotspot\workspace\build\src\hotspot\src\share\vm\runtime\sharedRuntime.cpp, line 605]
Event: 1.913 Thread 0x00000026315f5800 Exception <a 'java/lang/ArrayIndexOutOfBoundsException'> (0x0000000796272f10) thrown at [C:\cygwin64\tmp\openjdk-jdk8u-windows-x64-hotspot\workspace\build\src\hotspot\src\share\vm\runtime\sharedRuntime.cpp, line 605]
Event: 1.984 Thread 0x00000026315f5800 Exception <a 'java/io/FileNotFoundException'> (0x00000007967d0038) thrown at [C:\cygwin64\tmp\openjdk-jdk8u-windows-x64-hotspot\workspace\build\src\hotspot\src\share\vm\prims\jni.cpp, line 710]

Events (10 events):
Event: 2.238 loading class org/springframework/core/annotation/MergedAnnotationSelectors
Event: 2.238 loading class org/springframework/core/annotation/MergedAnnotationSelectors done
Event: 2.239 loading class org/springframework/core/annotation/MergedAnnotationSelector
Event: 2.239 loading class org/springframework/core/annotation/MergedAnnotationSelector done
Event: 2.239 loading class org/springframework/core/annotation/MergedAnnotationSelectors$Nearest
Event: 2.239 loading class org/springframework/core/annotation/MergedAnnotationSelectors$Nearest done
Event: 2.239 loading class org/springframework/core/annotation/MergedAnnotationSelectors$FirstDirectlyDeclared
Event: 2.239 loading class org/springframework/core/annotation/MergedAnnotationSelectors$FirstDirectlyDeclared done
Event: 2.240 loading class org/springframework/core/annotation/AnnotationsScanner$1
Event: 2.240 loading class org/springframework/core/annotation/AnnotationsScanner$1 done


Dynamic libraries:
0x00007ff6c7430000 - 0x00007ff6c746a000 	C:\bin\openjdk-8.0.242.08-hotspot\bin\javaw.exe
0x00007ffb2c780000 - 0x00007ffb2c92d000 	C:\Windows\SYSTEM32\ntdll.dll
0x00007ffb29f70000 - 0x00007ffb2a0af000 	C:\Windows\system32\KERNEL32.DLL
0x00007ffb29be0000 - 0x00007ffb29cf6000 	C:\Windows\system32\KERNELBASE.dll
0x00007ffb2c4f0000 - 0x00007ffb2c59a000 	C:\Windows\system32\ADVAPI32.dll
0x00007ffb2c1e0000 - 0x00007ffb2c357000 	C:\Windows\system32\USER32.dll
0x00007ffb27840000 - 0x00007ffb27abb000 	C:\Windows\WinSxS\amd64_microsoft.windows.common-controls_6595b64144ccf1df_6.0.9600.19394_none_62486577ecb635cf\COMCTL32.dll
0x00007ffb2b860000 - 0x00007ffb2b90a000 	C:\Windows\system32\msvcrt.dll
0x00007ffb2bf20000 - 0x00007ffb2bf79000 	C:\Windows\SYSTEM32\sechost.dll
0x00007ffb2bad0000 - 0x00007ffb2bc10000 	C:\Windows\system32\RPCRT4.dll
0x00007ffb2c630000 - 0x00007ffb2c77c000 	C:\Windows\system32\GDI32.dll
0x00007ffb29980000 - 0x00007ffb299ae000 	C:\Windows\system32\SspiCli.dll
0x00007ffb2b7c0000 - 0x00007ffb2b7f6000 	C:\Windows\system32\IMM32.DLL
0x00007ffb29e10000 - 0x00007ffb29f62000 	C:\Windows\system32\MSCTF.dll
0x00007ffb09c50000 - 0x00007ffb09d3f000 	C:\bin\openjdk-8.0.242.08-hotspot\jre\bin\msvcr120.dll
0x00007ffb0a6a0000 - 0x00007ffb0a746000 	C:\bin\openjdk-8.0.242.08-hotspot\jre\bin\msvcp120.dll
0x0000000068ec0000 - 0x00000000696c1000 	C:\bin\openjdk-8.0.242.08-hotspot\jre\bin\server\jvm.dll
0x00007ffb15ba0000 - 0x00007ffb15ba9000 	C:\Windows\SYSTEM32\WSOCK32.dll
0x00007ffb24740000 - 0x00007ffb24762000 	C:\Windows\SYSTEM32\WINMM.dll
0x00007ffb247b0000 - 0x00007ffb247ba000 	C:\Windows\SYSTEM32\VERSION.dll
0x00007ffb2bf00000 - 0x00007ffb2bf07000 	C:\Windows\system32\PSAPI.DLL
0x00007ffb2c3d0000 - 0x00007ffb2c42a000 	C:\Windows\system32\WS2_32.dll
0x00007ffb23e00000 - 0x00007ffb23e2a000 	C:\Windows\SYSTEM32\WINMMBASE.dll
0x00007ffb2bce0000 - 0x00007ffb2bce9000 	C:\Windows\system32\NSI.dll
0x00007ffb29b90000 - 0x00007ffb29bdf000 	C:\Windows\SYSTEM32\cfgmgr32.dll
0x00007ffb28750000 - 0x00007ffb28778000 	C:\Windows\SYSTEM32\DEVOBJ.dll
0x00007ffb25820000 - 0x00007ffb2582f000 	C:\bin\openjdk-8.0.242.08-hotspot\jre\bin\verify.dll
0x00007ffb15430000 - 0x00007ffb15458000 	C:\bin\openjdk-8.0.242.08-hotspot\jre\bin\java.dll
0x00007ffb23fe0000 - 0x00007ffb23ff6000 	C:\bin\openjdk-8.0.242.08-hotspot\jre\bin\zip.dll
0x00007ffb2a0b0000 - 0x00007ffb2b5db000 	C:\Windows\system32\SHELL32.dll
0x00007ffb2bcf0000 - 0x00007ffb2bf00000 	C:\Windows\SYSTEM32\combase.dll
0x00007ffb2c370000 - 0x00007ffb2c3c4000 	C:\Windows\system32\SHLWAPI.dll
0x00007ffb27e70000 - 0x00007ffb27f22000 	C:\Windows\SYSTEM32\SHCORE.dll
0x00007ffb298b0000 - 0x00007ffb298c5000 	C:\Windows\SYSTEM32\profapi.dll

VM Arguments:
jvm_args: -Dspring.profiles.active=dev -Dfile.encoding=Cp1252 
java_command: com.zions.vsts.services.XlrToADOEventsApplication --tfs.url=https://dev.azure.com/eto-dev --spring.rabbitmq.host=utmvti0192 --queue.autoDelete=true --email.recipient.addresses=eric.amundson2@zionsbancorp.com --email.sender.address=DL-ReleaseEngineering@zionsbancorp.com
java_class_path (initial): D:\git\zions-service-framework\zions-xlrtoado-event-microservice\bin\main;D:\git\zions-service-framework\zions-ext-services\bin\main;\zions-common\bin\default;D:\git\zions-service-framework\zions-common\bin\main;\zions-common-data\bin\default;D:\git\zions-service-framework\zions-common-data\bin\main;D:\bin\user_home\caches\modules-2\files-2.1\org.springframework.cloud\spring-cloud-starter-vault-config\2.1.2.RELEASE\f6cbae84f79090ebd67ba6e921dbadb022637b5b\spring-cloud-starter-vault-config-2.1.2.RELEASE.jar;D:\bin\user_home\caches\modules-2\files-2.1\org.springframework.cloud\spring-cloud-starter\2.1.2.RELEASE\418576e244116936d0a5539d275cbae1f39ebff6\spring-cloud-starter-2.1.2.RELEASE.jar;D:\bin\user_home\caches\modules-2\files-2.1\org.springframework.boot\spring-boot-starter-aop\2.2.2.RELEASE\f3c7529b69898084018e69e101ebc108237b1cce\spring-boot-starter-aop-2.2.2.RELEASE.jar;D:\bin\user_home\caches\modules-2\files-2.1\org.springframework.boot\spring-boot-starter-data-mongodb\2.2.2.RELEASE\8ea4907df44d23b23aae26f48527b087d965f11d\spring-boot-starter-data-mongodb-2.2.2.RELEASE.jar;D:\bin\user_home\caches\modules-2\files-2.1\org.springframework.boot\spring-boot-starter-data-ldap\2.2.2.RELEASE\ed4b97af982c0cb4f7e71e66fe1fa7810bc5b67d\spring-boot-starter-data-ldap-2.2.2.RELEASE.jar;D:\bin\user_home\caches\modules-2\files-2.1\org.springframework.boot\spring-boot-starter\2.2.2.RELEASE\1f8bb1e33a900c95dc31011e0998b70929d05a68\spring-boot-starter-2.2.2.RELEASE.jar;D:\bin\user_home\caches\modules-2\files-2.1\org.codehaus.groovy.modules.http-builder\http-builder\0.7.2\323092cd786480311c1cf693770f9e6fc20a8bef\http-builder-0.7.2.jar;D:\bin\user_home\caches\modules-2\files-2.1\org.apache.httpcomponents\httpclient\4.5.1\7e3cecc566df91338c6c67883b89ddd05a17db43\httpclient-4.5.1.jar;D:\bin\user_home\caches\modules-2\files-2.1\org.codehaus.groovy\groovy-dateutil\3.0.1\e163a15c11c1a6a8548541d2da385cc2ec3f9711\groovy-dateutil-3.0.1.jar;D:\bin\user_home\cache
Launcher Type: SUN_STANDARD

Environment Variables:
JAVA_HOME=C:\bin\openjdk-8.0.242.08-hotspot
PATH=C:/bin/openjdk-8.0.242.08-hotspot/bin/../jre/bin/server;C:/bin/openjdk-8.0.242.08-hotspot/bin/../jre/bin;C:/bin/openjdk-8.0.242.08-hotspot/bin/../jre/lib/amd64;C:\bin\openjdk-8.0.242.08-hotspot\bin;C:\Program Files (x86)\Microsoft SDKs\Azure\CLI2\wbin;C:\Windows\system32;C:\Windows;C:\Windows\System32\Wbem;C:\Windows\System32\WindowsPowerShell\v1.0\;C:\Program Files\dotnet\;C:\Program Files\Microsoft SQL Server\130\Tools\Binn\;C:\Program Files\Microsoft SQL Server\Client SDK\ODBC\130\Tools\Binn\;C:\Program Files (x86)\Microsoft SQL Server\140\Tools\Binn\;C:\Program Files\Microsoft SQL Server\140\Tools\Binn\;C:\Program Files\Microsoft SQL Server\140\DTS\Binn\;C:\bin\Git\cmd;C:\bin\nodejs\;C:\bin\gradle-4.3.1\bin;C:\bin\PuTTY\;C:\Program Files (x86)\Microsoft Visual Studio\2017\Professional\Common7\IDE\CommonExtensions\Microsoft\TeamFoundation\Team Explorer;C:\bin\svn\bin;C:\Users\z091182\AppData\Roaming\npm;C:\Program Files\OpenSSH-Win64;C:\bin\cygwin64\bin;C:\Program Files\PowerShell\6\;C:\bin\Python37;c:\bin\jython\bin;C:\bin\Microsoft VS Code\bin;C:\bin\graphviz\bin;C:\Program Files\TortoiseGit\bin;C:\bin\Git LFS;C:\bin\eclipse;
USERNAME=z091182
OS=Windows_NT
PROCESSOR_IDENTIFIER=Intel64 Family 6 Model 58 Stepping 0, GenuineIntel



---------------  S Y S T E M  ---------------

OS: Windows Server 2012 R2 , 64 bit Build 9600 (6.3.9600.19538)

CPU:total 2 (initial active 2) (1 cores per cpu, 1 threads per core) family 6 model 58 stepping 0, cmov, cx8, fxsr, mmx, sse, sse2, sse3, ssse3, sse4.1, sse4.2, popcnt, avx, aes, clmul, erms, tsc, tscinvbit, tscinv

Memory: 4k page, physical 8392244k(1307700k free), swap 14683700k(43836k free)

vm_info: OpenJDK 64-Bit Server VM (25.242-b08) for windows-amd64 JRE (1.8.0_242-b08), built on Jan 19 2020 14:45:52 by "jenkins" with MS VC++ 12.0 (VS2013)

time: Fri Aug 07 04:22:46 2020
timezone: Mountain Daylight Time
elapsed time: 2 seconds (0d 0h 0m 2s)

